2023-01-19 11:20:41.812 [info] Extension host with pid 342330 started
2023-01-19 11:20:41.918 [info] ExtensionService#_doActivateExtension vscode.microsoft-authentication, startup: false, activationEvent: 'onAuthenticationRequest:microsoft'
2023-01-19 11:20:42.025 [info] ExtensionService#_doActivateExtension vscode.git-base, startup: true, activationEvent: '*', root cause: vscode.git
2023-01-19 11:20:42.029 [info] ExtensionService#_doActivateExtension vscodevim.vim, startup: true, activationEvent: '*'
2023-01-19 11:20:42.172 [info] ExtensionService#_doActivateExtension vscode.git, startup: true, activationEvent: '*'
2023-01-19 11:20:42.291 [info] ExtensionService#_doActivateExtension vscode.github, startup: true, activationEvent: '*'
2023-01-19 11:20:42.335 [info] ExtensionService#_doActivateExtension vscode.github-authentication, startup: false, activationEvent: 'onAuthenticationRequest:github'
2023-01-19 11:20:42.473 [info] Eager extensions activated
2023-01-19 11:20:42.535 [info] ExtensionService#_doActivateExtension vscode.debug-auto-launch, startup: false, activationEvent: 'onStartupFinished'
2023-01-19 11:20:42.547 [info] ExtensionService#_doActivateExtension vscode.emmet, startup: false, activationEvent: 'onStartupFinished'
2023-01-19 11:20:42.584 [info] ExtensionService#_doActivateExtension vscode.merge-conflict, startup: false, activationEvent: 'onStartupFinished'
2023-01-19 11:20:42.648 [info] ExtensionService#_doActivateExtension dbaeumer.vscode-eslint, startup: false, activationEvent: 'onStartupFinished'
2023-01-19 11:20:43.171 [error] Error: ENOENT: no such file or directory, open '/home/buddhilw/.config/Code/User/globalStorage/vscodevim.vim/.registers'
2023-01-19 11:21:03.187 [info] Extension host terminating: renderer closed the MessagePort
2023-01-19 11:21:03.206 [error] Error: ENOENT: no such file or directory, open '/home/buddhilw/.config/Code/User/globalStorage/vscodevim.vim/.registers'
2023-01-19 11:21:03.206 [info] Extension host with pid 342330 exiting with code 0
2023-01-19 11:21:06.336 [info] Extension host with pid 343176 started
2023-01-19 11:21:06.336 [info] Skipping acquiring lock for /home/buddhilw/.config/Code/User/workspaceStorage/b7d19306b501c4f01bfbc6214c5148e1.
2023-01-19 11:21:06.512 [info] ExtensionService#_doActivateExtension vscode.microsoft-authentication, startup: false, activationEvent: 'onAuthenticationRequest:microsoft'
2023-01-19 11:21:06.686 [info] ExtensionService#_doActivateExtension vscode.git-base, startup: true, activationEvent: '*'
2023-01-19 11:21:06.693 [info] ExtensionService#_doActivateExtension vscodevim.vim, startup: true, activationEvent: '*'
2023-01-19 11:21:06.970 [info] ExtensionService#_doActivateExtension vscode.npm, startup: true, activationEvent: 'workspaceContains:package.json'
2023-01-19 11:21:07.292 [info] ExtensionService#_doActivateExtension vscode.github, startup: true, activationEvent: '*'
2023-01-19 11:21:07.841 [info] ExtensionService#_doActivateExtension vscode.github-authentication, startup: false, activationEvent: 'onAuthenticationRequest:github'
2023-01-19 11:21:08.101 [info] Eager extensions activated
2023-01-19 11:21:08.154 [info] ExtensionService#_doActivateExtension vscode.debug-auto-launch, startup: false, activationEvent: 'onStartupFinished'
2023-01-19 11:21:08.167 [info] ExtensionService#_doActivateExtension vscode.emmet, startup: false, activationEvent: 'onStartupFinished'
2023-01-19 11:21:08.192 [info] ExtensionService#_doActivateExtension vscode.merge-conflict, startup: false, activationEvent: 'onStartupFinished'
2023-01-19 11:21:08.443 [error] Error: ENOENT: no such file or directory, open '/home/buddhilw/.config/Code/User/globalStorage/vscodevim.vim/.registers'
2023-01-19 11:21:10.752 [info] ExtensionService#_doActivateExtension vscode.git, startup: false, activationEvent: 'api', root cause: vscode.github
2023-01-19 11:21:10.839 [info] ExtensionService#_doActivateExtension dbaeumer.vscode-eslint, startup: false, activationEvent: 'onStartupFinished'
2023-01-19 11:21:32.516 [info] ExtensionService#_doActivateExtension vscode.html-language-features, startup: false, activationEvent: 'onLanguage:html'
2023-01-19 11:23:29.192 [info] Extension host terminating: renderer closed the MessagePort
2023-01-19 11:23:29.223 [error] Error: ENOENT: no such file or directory, open '/home/buddhilw/.config/Code/User/globalStorage/vscodevim.vim/.registers'
2023-01-19 11:23:29.226 [info] Extension host with pid 343176 exiting with code 0
2023-01-19 11:23:31.151 [info] Extension host with pid 348155 started
2023-01-19 11:23:31.151 [info] Skipping acquiring lock for /home/buddhilw/.config/Code/User/workspaceStorage/b7d19306b501c4f01bfbc6214c5148e1.
2023-01-19 11:23:31.679 [info] ExtensionService#_doActivateExtension vscode.html-language-features, startup: false, activationEvent: 'onLanguage:html'
2023-01-19 11:23:31.744 [info] ExtensionService#_doActivateExtension vscode.microsoft-authentication, startup: false, activationEvent: 'onAuthenticationRequest:microsoft'
2023-01-19 11:23:31.798 [info] ExtensionService#_doActivateExtension vscode.git-base, startup: true, activationEvent: '*', root cause: vscode.git
2023-01-19 11:23:31.802 [info] ExtensionService#_doActivateExtension vscode.npm, startup: true, activationEvent: 'workspaceContains:package.json'
2023-01-19 11:23:31.875 [info] ExtensionService#_doActivateExtension vscode.git, startup: true, activationEvent: '*'
2023-01-19 11:23:31.937 [info] ExtensionService#_doActivateExtension vscode.github, startup: true, activationEvent: '*'
2023-01-19 11:23:32.404 [info] ExtensionService#_doActivateExtension vscode.github-authentication, startup: false, activationEvent: 'onAuthenticationRequest:github'
2023-01-19 11:23:33.009 [info] Eager extensions activated
2023-01-19 11:23:33.745 [info] ExtensionService#_doActivateExtension vscode.debug-auto-launch, startup: false, activationEvent: 'onStartupFinished'
2023-01-19 11:23:33.751 [info] ExtensionService#_doActivateExtension vscode.emmet, startup: false, activationEvent: 'onStartupFinished'
2023-01-19 11:23:33.769 [info] ExtensionService#_doActivateExtension vscode.merge-conflict, startup: false, activationEvent: 'onStartupFinished'
2023-01-19 11:23:33.890 [info] ExtensionService#_doActivateExtension dbaeumer.vscode-eslint, startup: false, activationEvent: 'onStartupFinished'
2023-01-19 11:28:39.620 [info] ExtensionService#_doActivateExtension vscode.typescript-language-features, startup: false, activationEvent: 'onLanguage:javascript'
2023-01-19 15:05:48.786 [info] Extension host terminating: renderer closed the MessagePort
2023-01-19 15:05:48.827 [info] Extension host with pid 348155 exiting with code 0
