2023-02-05 12:06:43.825 [info] Reading sessions from keychain...
2023-02-05 12:06:43.825 [info] Getting sessions for user:email...
2023-02-05 12:06:43.825 [info] Got 0 sessions for user:email...
2023-02-05 12:06:43.825 [info] Getting sessions for all scopes...
2023-02-05 12:06:43.825 [info] Got 0 sessions for ...
2023-02-05 12:06:44.024 [info] Getting sessions for all scopes...
2023-02-05 12:06:44.025 [info] Got 0 sessions for ...
2023-02-05 12:16:32.862 [info] Getting sessions for user:email...
2023-02-05 12:16:32.862 [info] Got 0 sessions for user:email...
2023-02-05 12:16:34.748 [info] Logging in for the following scopes: user:email
2023-02-05 12:16:34.772 [info] Trying without local server... (user:email)
2023-02-05 12:16:55.065 [info] Exchanging code for token...
2023-02-05 12:16:56.290 [info] Token exchange success!
2023-02-05 12:16:56.299 [info] Getting user info...
2023-02-05 12:16:56.616 [info] Got account info!
2023-02-05 12:16:56.618 [info] Storing 1 sessions...
2023-02-05 12:16:56.803 [info] Reading sessions from keychain...
2023-02-05 12:16:56.804 [info] Stored 1 sessions!
2023-02-05 12:16:56.805 [info] Login success!
2023-02-05 12:16:56.811 [info] Getting sessions for user:email...
2023-02-05 12:16:56.817 [info] Getting sessions for user:email...
2023-02-05 12:16:56.825 [info] Got stored sessions!
2023-02-05 12:16:56.825 [info] Got 1 verified sessions.
2023-02-05 12:16:56.825 [info] Got 1 sessions for user:email...
2023-02-05 12:16:56.825 [info] Got 1 sessions for user:email...
2023-02-05 12:16:57.409 [info] Getting user info...
2023-02-05 12:16:57.713 [info] Got account info!
