2023-04-14 19:17:29.066 [warning] Via 'product.json#extensionEnabledApiProposals' extension 'ms-vscode.vscode-selfhost-test-provider' wants API proposal 'testContinuousRun' but that proposal DOES NOT EXIST. Likely, the proposal has been finalized (check 'vscode.d.ts') or was abandoned.
2023-04-14 19:17:29.074 [warning] Via 'product.json#extensionEnabledApiProposals' extension 'ms-vscode.remote-repositories' wants API proposal 'contribEditorGutterMenu' but that proposal DOES NOT EXIST. Likely, the proposal has been finalized (check 'vscode.d.ts') or was abandoned.
2023-04-14 19:17:29.075 [warning] Via 'product.json#extensionEnabledApiProposals' extension 'github.vscode-pull-request-github' wants API proposal 'contribEditorGutterMenu' but that proposal DOES NOT EXIST. Likely, the proposal has been finalized (check 'vscode.d.ts') or was abandoned.
2023-04-14 19:17:29.075 [warning] Via 'product.json#extensionEnabledApiProposals' extension 'ms-toolsai.jupyter' wants API proposal 'notebookControllerKind' but that proposal DOES NOT EXIST. Likely, the proposal has been finalized (check 'vscode.d.ts') or was abandoned.
2023-04-14 19:17:29.870 [info] Started initializing default profile extensions in extensions installation folder. file:///home/buddhilw/.vscode/extensions
2023-04-14 19:17:30.214 [warning] Failed to create default profile extensions manifest in extensions installation folder. file:///home/buddhilw/.vscode/extensions Unable to create file 'vscode-userdata:/home/buddhilw/.vscode/extensions/extensions.json' that already exists when overwrite flag is not set
2023-04-14 19:17:30.214 [info] Completed initializing default profile extensions in extensions installation folder. file:///home/buddhilw/.vscode/extensions
2023-04-14 19:17:32.728 [info] [perf] Render performance baseline is 132ms
2023-04-14 19:17:51.934 [error] [Extension Host] (node:1201500) [DEP0005] DeprecationWarning: Buffer() is deprecated due to security and usability issues. Please use the Buffer.alloc(), Buffer.allocUnsafe(), or Buffer.from() methods instead.
(Use `exe --trace-deprecation ...` to show where the warning was created)
2023-04-14 19:17:51.949 [error] [Extension Host] Could not read clojure-lsp version file. ENOENT: no such file or directory, open '/home/buddhilw/.vscode/extensions/betterthantomorrow.calva-2.0.351/clojure-lsp-version'
2023-04-14 19:17:51.996 [error] [Extension Host] (node:1201500) DeprecationWarning: uuidv4() is deprecated. Use v4() from the uuid module instead.
2023-04-14 19:27:18.629 [error] ENOENT: no such file or directory, open '/home/buddhilw/.config/Code/User/globalStorage/vscodevim.vim/.registers': Error: ENOENT: no such file or directory, open '/home/buddhilw/.config/Code/User/globalStorage/vscodevim.vim/.registers'
2023-04-14 19:30:48.501 [error] Unable to read file '/home/buddhilw/PP/facti/linfo-fresh/pdfPC/README.md' (Error: Unable to resolve nonexistent file '/home/buddhilw/PP/facti/linfo-fresh/pdfPC/README.md'): Error: Unable to read file '/home/buddhilw/PP/facti/linfo-fresh/pdfPC/README.md' (Error: Unable to resolve nonexistent file '/home/buddhilw/PP/facti/linfo-fresh/pdfPC/README.md')
    at r.w (vscode-file://vscode-app/usr/share/code/resources/app/out/vs/workbench/workbench.desktop.main.js:620:17851)
    at r.v (vscode-file://vscode-app/usr/share/code/resources/app/out/vs/workbench/workbench.desktop.main.js:620:17513)
    at async m.G (vscode-file://vscode-app/usr/share/code/resources/app/out/vs/workbench/workbench.desktop.main.js:2340:37294)
    at async m.readStream (vscode-file://vscode-app/usr/share/code/resources/app/out/vs/workbench/workbench.desktop.main.js:2340:36989)
    at async js.Ab (vscode-file://vscode-app/usr/share/code/resources/app/out/vs/workbench/workbench.desktop.main.js:2331:54274)
    at async js.resolve (vscode-file://vscode-app/usr/share/code/resources/app/out/vs/workbench/workbench.desktop.main.js:2331:52679)
    at async vscode-file://vscode-app/usr/share/code/resources/app/out/vs/workbench/workbench.desktop.main.js:2340:33034
2023-04-14 19:32:23.992 [error] Error: The editor could not be opened because the file was not found.
    at f.bc (vscode-file://vscode-app/usr/share/code/resources/app/out/vs/workbench/workbench.desktop.main.js:2318:93056)
    at async f.setInput (vscode-file://vscode-app/usr/share/code/resources/app/out/vs/workbench/workbench.desktop.main.js:2318:92042)
    at async u.M (vscode-file://vscode-app/usr/share/code/resources/app/out/vs/workbench/workbench.desktop.main.js:2316:23211)
    at async u.D (vscode-file://vscode-app/usr/share/code/resources/app/out/vs/workbench/workbench.desktop.main.js:2316:21806)
    at async u.openEditor (vscode-file://vscode-app/usr/share/code/resources/app/out/vs/workbench/workbench.desktop.main.js:2316:20709)
    at async vscode-file://vscode-app/usr/share/code/resources/app/out/vs/workbench/workbench.desktop.main.js:2503:13497
    at async Ol.Q (vscode-file://vscode-app/usr/share/code/resources/app/out/vs/workbench/workbench.desktop.main.js:1895:4361)
    at async Pe.run (vscode-file://vscode-app/usr/share/code/resources/app/out/vs/workbench/workbench.desktop.main.js:2318:63824)
2023-04-14 19:37:25.431 [error] [Extension Host] Basic cider-nrepl dependencies not met (no 'info' op)
