2023-04-14 19:17:29.338 [info] Added views:workbench.panel.markers.view in workbench.panel.markers
2023-04-14 19:17:29.338 [info] Added views:workbench.panel.output in workbench.panel.output
2023-04-14 19:17:29.338 [info] Added views:terminal in terminal
2023-04-14 19:17:29.338 [info] Added views:outline in workbench.view.explorer
2023-04-14 19:17:29.338 [info] Added views:workbench.scm in workbench.view.scm
2023-04-14 19:17:29.338 [info] Added views:workbench.view.search in workbench.view.search
2023-04-14 19:17:29.338 [info] Added views:timeline in workbench.view.explorer
2023-04-14 19:17:29.338 [info] Added views:workbench.explorer.fileView in workbench.view.explorer
2023-04-14 19:17:29.534 [info] Added views:workbench.debug.variablesView,workbench.debug.watchExpressionsView,workbench.debug.callStackView,workbench.debug.breakPointsView in workbench.view.debug
2023-04-14 19:17:30.586 [info] Added views:workbench.panel.repl.view in workbench.panel.repl
2023-04-14 19:17:30.588 [info] Removed views:workbench.debug.breakPointsView,workbench.debug.callStackView,workbench.debug.watchExpressionsView,workbench.debug.variablesView from workbench.view.debug
2023-04-14 19:17:30.589 [info] Added views:workbench.debug.welcome in workbench.view.debug
2023-04-14 19:17:39.151 [info] Added views:workbench.views.extensions.installed,workbench.views.extensions.popular,extensions.recommendedList in workbench.view.extensions
2023-04-14 19:17:39.153 [info] Removed views:workbench.views.extensions.popular from workbench.view.extensions
2023-04-14 19:17:39.420 [info] Added views:workbench.views.extensions.popular in workbench.view.extensions
2023-04-14 19:17:42.033 [info] Removed views:extensions.recommendedList,workbench.views.extensions.popular,workbench.views.extensions.installed from workbench.view.extensions
2023-04-14 19:17:42.052 [info] Added views:workbench.views.extensions.marketplace in workbench.view.extensions
2023-04-14 19:17:51.939 [info] Added views:workbench.view.testing in workbench.view.extension.test
2023-04-14 19:30:16.148 [info] Removed views:workbench.views.extensions.marketplace from workbench.view.extensions
2023-04-14 19:30:16.181 [info] Added views:workbench.views.extensions.installed,workbench.views.extensions.popular,extensions.recommendedList in workbench.view.extensions
2023-04-14 19:30:39.269 [info] Showing view workbench.explorer.openEditorsView in the container workbench.view.explorer
2023-04-14 19:30:39.290 [info] Added views:workbench.explorer.openEditorsView in workbench.view.explorer
2023-04-14 19:30:55.696 [info] Removed views:workbench.explorer.openEditorsView from workbench.view.explorer
2023-04-14 19:44:37.423 [info] Removed views:workbench.view.testing from workbench.view.extension.test
