2023-02-05 12:06:38.309 [info] Using settings sync service https://vscode-sync.trafficmanager.net/
2023-02-05 12:06:38.309 [info] Auto Sync is disabled.
2023-02-05 12:16:56.854 [info] Sync started.
2023-02-05 12:16:57.485 [info] Did reset the local sync state.
2023-02-05 12:16:57.514 [info] Settings: Last sync data state does not exist.
2023-02-05 12:16:57.796 [info] Settings: Last sync data state does not exist.
2023-02-05 12:16:58.199 [info] Keybindings: Last sync data state does not exist.
2023-02-05 12:16:58.511 [info] Snippets: Last sync data state does not exist.
2023-02-05 12:16:58.822 [info] Tasks: Last sync data state does not exist.
2023-02-05 12:16:59.128 [info] GlobalState: Last sync data state does not exist.
2023-02-05 12:16:59.486 [info] Extensions: Last sync data state does not exist.
2023-02-05 12:17:00.157 [info] Profiles: Last sync data state does not exist.
2023-02-05 12:17:00.445 [info] Profiles: Last sync data state does not exist.
2023-02-05 12:17:00.752 [info] Settings: Updated remote settings
2023-02-05 12:17:00.801 [info] Settings: Updated last synchronized settings
2023-02-05 12:17:00.811 [info] Keybindings: No changes found during synchronizing keybindings.
2023-02-05 12:17:00.848 [info] Keybindings: Updated last synchronized keybindings
2023-02-05 12:17:00.855 [info] Snippets: No changes found during synchronizing snippets.
2023-02-05 12:17:00.896 [info] Snippets: Updated last synchronized snippets
2023-02-05 12:17:00.902 [info] Tasks: No changes found during synchronizing tasks.
2023-02-05 12:17:00.949 [info] Tasks: Updated last synchronized tasks
2023-02-05 12:17:01.179 [info] GlobalState: Last sync data state does not exist.
2023-02-05 12:17:01.404 [info] GlobalState: Updated remote ui state. Added: workbench.panel.markers.hidden,workbench.panel.output.hidden,terminal.hidden,workbench.explorer.views.state.hidden,workbench.scm.views.state.hidden,workbench.view.search.state.hidden,workbench.activity.pinnedViewlets2,nps/lastSessionDate,nps/sessionCount,workbench.telemetryOptOutShown,workbench.view.debug.state.hidden,workbench.statusbar.hidden,colorThemeData,workbench.panel.repl.hidden,workbench.panel.pinnedPanels,memento/gettingStartedService,workbench.welcomePage.walkthroughMetadata,workbench.view.extensions.state.hidden,ces/skipSurvey,cpp.1.lastSessionDate,cpp.1.sessionCount,java.2.lastSessionDate,java.2.sessionCount,javascript.1.lastSessionDate,javascript.1.sessionCount,typescript.1.lastSessionDate,typescript.1.sessionCount,workbench.panel.alignment.
2023-02-05 12:17:01.432 [info] GlobalState: Updated last synchronized ui state
2023-02-05 12:17:01.854 [info] Extensions: Updated remote extensions. Added: ["vscode.bat","vscode.clojure","vscode.coffeescript","vscode.configuration-editing","vscode.cpp","vscode.csharp","vscode.css","vscode.css-language-features","vscode.dart","vscode.debug-auto-launch","vscode.debug-server-ready","vscode.diff","vscode.docker","vscode.emmet","vscode.extension-editing","vscode.fsharp","vscode.git","vscode.git-base","vscode.github","vscode.github-authentication","vscode.go","vscode.groovy","vscode.grunt","vscode.gulp","vscode.handlebars","vscode.hlsl","vscode.html","vscode.html-language-features","vscode.ini","vscode.ipynb","vscode.jake","vscode.java","vscode.javascript","vscode.json","vscode.json-language-features","vscode.julia","vscode.latex","vscode.less","vscode.log","vscode.lua","vscode.make","vscode.markdown","vscode.markdown-language-features","vscode.markdown-math","vscode.media-preview","vscode.merge-conflict","vscode.microsoft-authentication","ms-vscode.js-debug","ms-vscode.js-debug-companion","ms-vscode.vscode-js-profile-table","vscode.builtin-notebook-renderers","vscode.npm","vscode.objective-c","vscode.perl","vscode.php","vscode.php-language-features","vscode.powershell","vscode.pug","vscode.python","vscode.r","vscode.razor","vscode.references-view","vscode.restructuredtext","vscode.ruby","vscode.rust","vscode.scss","vscode.search-result","vscode.shaderlab","vscode.shellscript","vscode.simple-browser","vscode.sql","vscode.swift","vscode.theme-abyss","vscode.theme-defaults","vscode.theme-kimbie-dark","vscode.theme-monokai","vscode.theme-monokai-dimmed","vscode.theme-quietlight","vscode.theme-red","vscode.vscode-theme-seti","vscode.theme-solarized-dark","vscode.theme-solarized-light","vscode.theme-tomorrow-night-blue","vscode.typescript","vscode.typescript-language-features","vscode.vb","vscode.xml","vscode.yaml","dbaeumer.vscode-eslint","vscodevim.vim"].
2023-02-05 12:17:01.889 [info] Extensions: Updated last synchronized extensions.
2023-02-05 12:17:01.899 [info] Profiles: No changes found during synchronizing profiles.
2023-02-05 12:17:01.983 [info] Profiles: Updated last synchronized profiles.
2023-02-05 12:17:02.005 [info] Sync done. Took 5152ms
2023-02-05 12:17:02.012 [info] Auto Sync: Triggered by Interval
2023-02-05 12:17:02.013 [info] Sync started.
2023-02-05 12:17:02.500 [info] Settings: No changes found during synchronizing settings.
2023-02-05 12:17:02.564 [info] Keybindings: No changes found during synchronizing keybindings.
2023-02-05 12:17:02.583 [info] Snippets: No changes found during synchronizing snippets.
2023-02-05 12:17:02.606 [info] Tasks: No changes found during synchronizing tasks.
2023-02-05 12:17:03.105 [info] GlobalState: Updated remote ui state. Updated: memento/gettingStartedService.
2023-02-05 12:17:03.161 [info] GlobalState: Updated last synchronized ui state
2023-02-05 12:17:03.471 [info] Extensions: No changes found during synchronizing extensions.
2023-02-05 12:17:03.486 [info] Profiles: No changes found during synchronizing profiles.
2023-02-05 12:17:03.498 [info] Sync done. Took 1488ms
2023-02-05 12:17:04.560 [info] Auto Sync: Triggered by Activity
2023-02-05 12:17:04.561 [info] Sync started.
2023-02-05 12:17:04.863 [info] Settings: No changes found during synchronizing settings.
2023-02-05 12:17:04.884 [info] Keybindings: No changes found during synchronizing keybindings.
2023-02-05 12:17:04.898 [info] Snippets: No changes found during synchronizing snippets.
2023-02-05 12:17:04.909 [info] Tasks: No changes found during synchronizing tasks.
2023-02-05 12:17:04.923 [info] GlobalState: No changes found during synchronizing ui state.
2023-02-05 12:17:05.214 [info] Extensions: No changes found during synchronizing extensions.
2023-02-05 12:17:05.232 [info] Profiles: No changes found during synchronizing profiles.
2023-02-05 12:17:05.241 [info] Sync done. Took 682ms
2023-02-05 12:17:20.217 [info] Auto Sync: Triggered by Activity
2023-02-05 12:17:20.218 [info] Sync started.
2023-02-05 12:17:20.512 [info] Settings: No changes found during synchronizing settings.
2023-02-05 12:17:20.544 [info] Keybindings: No changes found during synchronizing keybindings.
2023-02-05 12:17:20.565 [info] Snippets: No changes found during synchronizing snippets.
2023-02-05 12:17:20.583 [info] Tasks: No changes found during synchronizing tasks.
2023-02-05 12:17:20.615 [info] GlobalState: No changes found during synchronizing ui state.
2023-02-05 12:17:20.895 [info] Extensions: No changes found during synchronizing extensions.
2023-02-05 12:17:20.909 [info] Profiles: No changes found during synchronizing profiles.
2023-02-05 12:17:20.928 [info] Sync done. Took 712ms
2023-02-05 12:18:20.347 [info] Auto Sync: Triggered by Activity
2023-02-05 12:18:20.352 [info] Sync started.
2023-02-05 12:18:20.670 [info] Settings: No changes found during synchronizing settings.
2023-02-05 12:18:20.700 [info] Keybindings: No changes found during synchronizing keybindings.
2023-02-05 12:18:20.733 [info] Snippets: No changes found during synchronizing snippets.
2023-02-05 12:18:20.747 [info] Tasks: No changes found during synchronizing tasks.
2023-02-05 12:18:20.766 [info] GlobalState: No changes found during synchronizing ui state.
2023-02-05 12:18:21.164 [info] Extensions: No changes found during synchronizing extensions.
2023-02-05 12:18:21.177 [info] Profiles: No changes found during synchronizing profiles.
2023-02-05 12:18:21.185 [info] Sync done. Took 840ms
2023-02-05 12:18:36.198 [info] Auto Sync: Triggered by Activity
2023-02-05 12:18:36.199 [info] Sync started.
2023-02-05 12:18:36.563 [info] Settings: No changes found during synchronizing settings.
2023-02-05 12:18:36.610 [info] Keybindings: No changes found during synchronizing keybindings.
2023-02-05 12:18:36.646 [info] Snippets: No changes found during synchronizing snippets.
2023-02-05 12:18:36.686 [info] Tasks: No changes found during synchronizing tasks.
2023-02-05 12:18:36.741 [info] GlobalState: No changes found during synchronizing ui state.
2023-02-05 12:18:37.326 [info] Extensions: No changes found during synchronizing extensions.
2023-02-05 12:18:37.349 [info] Profiles: No changes found during synchronizing profiles.
2023-02-05 12:18:37.368 [info] Sync done. Took 1167ms
2023-02-05 12:18:46.501 [info] Auto Sync: Triggered by Activity
2023-02-05 12:18:46.501 [info] Sync started.
2023-02-05 12:18:46.827 [info] Settings: No changes found during synchronizing settings.
2023-02-05 12:18:46.915 [info] Keybindings: No changes found during synchronizing keybindings.
2023-02-05 12:18:46.941 [info] Snippets: No changes found during synchronizing snippets.
2023-02-05 12:18:46.963 [info] Tasks: No changes found during synchronizing tasks.
2023-02-05 12:18:47.476 [info] GlobalState: Updated remote ui state. Updated: memento/gettingStartedService.
2023-02-05 12:18:47.597 [info] GlobalState: Updated last synchronized ui state
2023-02-05 12:18:48.371 [info] Extensions: No changes found during synchronizing extensions.
2023-02-05 12:18:48.412 [info] Profiles: No changes found during synchronizing profiles.
2023-02-05 12:18:48.441 [info] Sync done. Took 1957ms
2023-02-05 12:19:00.603 [info] Auto Sync: Triggered by Activity
2023-02-05 12:19:00.606 [info] Sync started.
2023-02-05 12:19:00.994 [info] Settings: No changes found during synchronizing settings.
2023-02-05 12:19:01.060 [info] Keybindings: No changes found during synchronizing keybindings.
2023-02-05 12:19:01.087 [info] Snippets: No changes found during synchronizing snippets.
2023-02-05 12:19:01.103 [info] Tasks: No changes found during synchronizing tasks.
2023-02-05 12:19:01.149 [info] GlobalState: No changes found during synchronizing ui state.
2023-02-05 12:19:02.024 [info] Extensions: No changes found during synchronizing extensions.
2023-02-05 12:19:02.058 [info] Profiles: No changes found during synchronizing profiles.
2023-02-05 12:19:02.073 [info] Sync done. Took 1713ms
2023-02-05 12:19:18.689 [info] Auto Sync: Triggered by Activity
2023-02-05 12:19:18.689 [info] Sync started.
2023-02-05 12:19:18.991 [info] Settings: No changes found during synchronizing settings.
2023-02-05 12:19:19.017 [info] Keybindings: No changes found during synchronizing keybindings.
2023-02-05 12:19:19.036 [info] Snippets: No changes found during synchronizing snippets.
2023-02-05 12:19:19.054 [info] Tasks: No changes found during synchronizing tasks.
2023-02-05 12:19:19.073 [info] GlobalState: No changes found during synchronizing ui state.
2023-02-05 12:19:19.455 [info] Extensions: No changes found during synchronizing extensions.
2023-02-05 12:19:19.467 [info] Profiles: No changes found during synchronizing profiles.
2023-02-05 12:19:19.478 [info] Sync done. Took 792ms
2023-02-05 12:19:25.783 [info] Auto Sync: Triggered by Activity
2023-02-05 12:19:25.784 [info] Sync started.
2023-02-05 12:19:26.110 [info] Settings: No changes found during synchronizing settings.
2023-02-05 12:19:26.134 [info] Keybindings: No changes found during synchronizing keybindings.
2023-02-05 12:19:26.191 [info] Snippets: No changes found during synchronizing snippets.
2023-02-05 12:19:26.208 [info] Tasks: No changes found during synchronizing tasks.
2023-02-05 12:19:26.739 [info] GlobalState: Updated remote ui state. Added: terminal.integrated.showTerminalConfigPrompt.
2023-02-05 12:19:26.759 [info] GlobalState: Updated last synchronized ui state
2023-02-05 12:19:27.069 [info] Extensions: No changes found during synchronizing extensions.
2023-02-05 12:19:27.082 [info] Profiles: No changes found during synchronizing profiles.
2023-02-05 12:19:27.093 [info] Sync done. Took 1311ms
2023-02-05 12:19:40.600 [info] Auto Sync: Triggered by Activity
2023-02-05 12:19:40.601 [info] Sync started.
2023-02-05 12:19:40.898 [info] Settings: No changes found during synchronizing settings.
2023-02-05 12:19:40.914 [info] Keybindings: No changes found during synchronizing keybindings.
2023-02-05 12:19:40.930 [info] Snippets: No changes found during synchronizing snippets.
2023-02-05 12:19:40.942 [info] Tasks: No changes found during synchronizing tasks.
2023-02-05 12:19:40.961 [info] GlobalState: No changes found during synchronizing ui state.
2023-02-05 12:19:41.151 [info] Extensions: No changes found during synchronizing extensions.
2023-02-05 12:19:41.159 [info] Profiles: No changes found during synchronizing profiles.
2023-02-05 12:19:41.168 [info] Sync done. Took 571ms
2023-02-05 12:19:52.795 [info] Auto Sync: Triggered by Activity
2023-02-05 12:19:52.822 [info] Sync started.
2023-02-05 12:19:53.144 [info] Settings: No changes found during synchronizing settings.
2023-02-05 12:19:53.192 [info] Keybindings: No changes found during synchronizing keybindings.
2023-02-05 12:19:53.267 [info] Snippets: No changes found during synchronizing snippets.
2023-02-05 12:19:53.305 [info] Tasks: No changes found during synchronizing tasks.
2023-02-05 12:19:53.353 [info] GlobalState: No changes found during synchronizing ui state.
2023-02-05 12:19:54.278 [info] Extensions: No changes found during synchronizing extensions.
2023-02-05 12:19:54.312 [info] Profiles: No changes found during synchronizing profiles.
2023-02-05 12:19:54.333 [info] Sync done. Took 1553ms
2023-02-05 12:20:11.436 [info] Auto Sync: Triggered by Activity
2023-02-05 12:20:11.437 [info] Sync started.
2023-02-05 12:20:11.879 [info] Settings: No changes found during synchronizing settings.
2023-02-05 12:20:11.892 [info] Keybindings: No changes found during synchronizing keybindings.
2023-02-05 12:20:11.902 [info] Snippets: No changes found during synchronizing snippets.
2023-02-05 12:20:11.909 [info] Tasks: No changes found during synchronizing tasks.
2023-02-05 12:20:11.931 [info] GlobalState: No changes found during synchronizing ui state.
2023-02-05 12:20:12.082 [info] Extensions: No changes found during synchronizing extensions.
2023-02-05 12:20:12.090 [info] Profiles: No changes found during synchronizing profiles.
2023-02-05 12:20:12.096 [info] Sync done. Took 661ms
2023-02-05 12:20:35.366 [info] Auto Sync: Triggered by Activity
2023-02-05 12:20:35.367 [info] Sync started.
2023-02-05 12:20:35.653 [info] Settings: No changes found during synchronizing settings.
2023-02-05 12:20:35.671 [info] Keybindings: No changes found during synchronizing keybindings.
2023-02-05 12:20:35.685 [info] Snippets: No changes found during synchronizing snippets.
2023-02-05 12:20:35.699 [info] Tasks: No changes found during synchronizing tasks.
2023-02-05 12:20:35.719 [info] GlobalState: No changes found during synchronizing ui state.
2023-02-05 12:20:35.983 [info] Extensions: No changes found during synchronizing extensions.
2023-02-05 12:20:35.993 [info] Profiles: No changes found during synchronizing profiles.
2023-02-05 12:20:36.005 [info] Sync done. Took 641ms
2023-02-05 12:21:16.413 [info] Auto Sync: Triggered by Activity
2023-02-05 12:21:16.415 [info] Sync started.
2023-02-05 12:21:16.690 [info] Settings: No changes found during synchronizing settings.
2023-02-05 12:21:16.702 [info] Keybindings: No changes found during synchronizing keybindings.
2023-02-05 12:21:16.716 [info] Snippets: No changes found during synchronizing snippets.
2023-02-05 12:21:16.725 [info] Tasks: No changes found during synchronizing tasks.
2023-02-05 12:21:17.223 [info] GlobalState: Updated remote ui state. Updated: memento/gettingStartedService.
2023-02-05 12:21:17.245 [info] GlobalState: Updated last synchronized ui state
2023-02-05 12:21:17.405 [info] Extensions: No changes found during synchronizing extensions.
2023-02-05 12:21:17.424 [info] Profiles: No changes found during synchronizing profiles.
2023-02-05 12:21:17.434 [info] Sync done. Took 1023ms
2023-02-05 12:21:26.146 [info] Auto Sync: Triggered by Activity
2023-02-05 12:21:26.146 [info] Sync started.
2023-02-05 12:21:26.427 [info] Settings: No changes found during synchronizing settings.
2023-02-05 12:21:26.440 [info] Keybindings: No changes found during synchronizing keybindings.
2023-02-05 12:21:26.453 [info] Snippets: No changes found during synchronizing snippets.
2023-02-05 12:21:26.464 [info] Tasks: No changes found during synchronizing tasks.
2023-02-05 12:21:26.934 [info] GlobalState: Updated remote ui state. Added: commandPalette.mru.cache,commandPalette.mru.counter.
2023-02-05 12:21:26.952 [info] GlobalState: Updated last synchronized ui state
2023-02-05 12:21:27.136 [info] Extensions: No changes found during synchronizing extensions.
2023-02-05 12:21:27.161 [info] Profiles: No changes found during synchronizing profiles.
2023-02-05 12:21:27.171 [info] Sync done. Took 1026ms
2023-02-05 12:21:37.843 [info] Auto Sync: Triggered by Activity
2023-02-05 12:21:37.843 [info] Sync started.
2023-02-05 12:21:38.129 [info] Settings: No changes found during synchronizing settings.
2023-02-05 12:21:38.141 [info] Keybindings: No changes found during synchronizing keybindings.
2023-02-05 12:21:38.153 [info] Snippets: No changes found during synchronizing snippets.
2023-02-05 12:21:38.161 [info] Tasks: No changes found during synchronizing tasks.
2023-02-05 12:21:38.175 [info] GlobalState: No changes found during synchronizing ui state.
2023-02-05 12:21:38.378 [info] Extensions: No changes found during synchronizing extensions.
2023-02-05 12:21:38.387 [info] Profiles: No changes found during synchronizing profiles.
2023-02-05 12:21:38.399 [info] Sync done. Took 556ms
2023-02-05 12:21:49.861 [info] Auto Sync: Triggered by Activity
2023-02-05 12:21:49.862 [info] Sync started.
2023-02-05 12:21:50.274 [info] Settings: No changes found during synchronizing settings.
2023-02-05 12:21:50.294 [info] Keybindings: No changes found during synchronizing keybindings.
2023-02-05 12:21:50.312 [info] Snippets: No changes found during synchronizing snippets.
2023-02-05 12:21:50.332 [info] Tasks: No changes found during synchronizing tasks.
2023-02-05 12:21:50.360 [info] GlobalState: No changes found during synchronizing ui state.
2023-02-05 12:21:50.601 [info] Extensions: No changes found during synchronizing extensions.
2023-02-05 12:21:50.613 [info] Profiles: No changes found during synchronizing profiles.
2023-02-05 12:21:50.624 [info] Sync done. Took 762ms
2023-02-05 12:22:27.039 [info] Auto Sync: Triggered by Activity
2023-02-05 12:22:27.041 [info] Sync started.
2023-02-05 12:22:27.345 [info] Settings: No changes found during synchronizing settings.
2023-02-05 12:22:27.373 [info] Keybindings: No changes found during synchronizing keybindings.
2023-02-05 12:22:27.396 [info] Snippets: No changes found during synchronizing snippets.
2023-02-05 12:22:27.410 [info] Tasks: No changes found during synchronizing tasks.
2023-02-05 12:22:27.426 [info] GlobalState: No changes found during synchronizing ui state.
2023-02-05 12:22:27.648 [info] Extensions: No changes found during synchronizing extensions.
2023-02-05 12:22:27.657 [info] Profiles: No changes found during synchronizing profiles.
2023-02-05 12:22:27.666 [info] Sync done. Took 637ms
2023-02-05 12:25:50.782 [info] Auto Sync: Triggered by Activity
2023-02-05 12:25:50.782 [info] Sync started.
2023-02-05 12:25:51.617 [info] Settings: No changes found during synchronizing settings.
2023-02-05 12:25:51.775 [info] Keybindings: No changes found during synchronizing keybindings.
2023-02-05 12:25:51.883 [info] Snippets: No changes found during synchronizing snippets.
2023-02-05 12:25:52.031 [info] Tasks: No changes found during synchronizing tasks.
2023-02-05 12:25:52.121 [info] GlobalState: No changes found during synchronizing ui state.
2023-02-05 12:25:53.718 [info] Extensions: No changes found during synchronizing extensions.
2023-02-05 12:25:53.753 [info] Profiles: No changes found during synchronizing profiles.
2023-02-05 12:25:53.782 [info] Sync done. Took 3010ms
2023-02-05 12:26:03.200 [info] Auto Sync: Triggered by Activity
2023-02-05 12:26:03.218 [info] Sync started.
2023-02-05 12:26:04.381 [info] Settings: No changes found during synchronizing settings.
2023-02-05 12:26:04.554 [info] Keybindings: No changes found during synchronizing keybindings.
2023-02-05 12:26:04.622 [info] Snippets: No changes found during synchronizing snippets.
2023-02-05 12:26:04.684 [info] Tasks: No changes found during synchronizing tasks.
2023-02-05 12:26:04.764 [info] GlobalState: No changes found during synchronizing ui state.
2023-02-05 12:26:06.571 [info] Extensions: No changes found during synchronizing extensions.
2023-02-05 12:26:06.791 [info] Profiles: No changes found during synchronizing profiles.
2023-02-05 12:26:06.951 [info] Sync done. Took 3949ms
2023-02-05 12:26:26.763 [info] Auto Sync: Triggered by Activity
2023-02-05 12:26:26.765 [info] Sync started.
2023-02-05 12:26:27.077 [info] Settings: No changes found during synchronizing settings.
2023-02-05 12:26:27.114 [info] Keybindings: No changes found during synchronizing keybindings.
2023-02-05 12:26:27.153 [info] Snippets: No changes found during synchronizing snippets.
2023-02-05 12:26:27.214 [info] Tasks: No changes found during synchronizing tasks.
2023-02-05 12:26:27.285 [info] GlobalState: No changes found during synchronizing ui state.
2023-02-05 12:26:27.970 [info] Extensions: No changes found during synchronizing extensions.
2023-02-05 12:26:27.991 [info] Profiles: No changes found during synchronizing profiles.
2023-02-05 12:26:28.013 [info] Sync done. Took 1254ms
2023-02-05 12:27:09.528 [info] Auto Sync: Triggered by Activity
2023-02-05 12:27:09.529 [info] Sync started.
2023-02-05 12:27:09.837 [info] Settings: No changes found during synchronizing settings.
2023-02-05 12:27:09.850 [info] Keybindings: No changes found during synchronizing keybindings.
2023-02-05 12:27:09.864 [info] Snippets: No changes found during synchronizing snippets.
2023-02-05 12:27:09.876 [info] Tasks: No changes found during synchronizing tasks.
2023-02-05 12:27:09.898 [info] GlobalState: No changes found during synchronizing ui state.
2023-02-05 12:27:10.188 [info] Extensions: No changes found during synchronizing extensions.
2023-02-05 12:27:10.196 [info] Profiles: No changes found during synchronizing profiles.
2023-02-05 12:27:10.204 [info] Sync done. Took 678ms
2023-02-05 12:32:10.209 [info] Auto Sync: Triggered by Interval
2023-02-05 12:32:10.209 [info] Sync started.
2023-02-05 12:32:10.741 [info] Settings: No changes found during synchronizing settings.
2023-02-05 12:32:10.747 [info] Keybindings: No changes found during synchronizing keybindings.
2023-02-05 12:32:10.756 [info] Snippets: No changes found during synchronizing snippets.
2023-02-05 12:32:10.764 [info] Tasks: No changes found during synchronizing tasks.
2023-02-05 12:32:10.772 [info] GlobalState: No changes found during synchronizing ui state.
2023-02-05 12:32:10.889 [info] Extensions: No changes found during synchronizing extensions.
2023-02-05 12:32:10.893 [info] Profiles: No changes found during synchronizing profiles.
2023-02-05 12:32:10.897 [info] Sync done. Took 689ms
2023-02-05 12:33:07.318 [info] Auto Sync: Triggered by Activity
2023-02-05 12:33:07.318 [info] Sync started.
2023-02-05 12:33:07.597 [info] Settings: No changes found during synchronizing settings.
2023-02-05 12:33:07.607 [info] Keybindings: No changes found during synchronizing keybindings.
2023-02-05 12:33:07.615 [info] Snippets: No changes found during synchronizing snippets.
2023-02-05 12:33:07.623 [info] Tasks: No changes found during synchronizing tasks.
2023-02-05 12:33:07.631 [info] GlobalState: No changes found during synchronizing ui state.
2023-02-05 12:33:07.762 [info] Extensions: No changes found during synchronizing extensions.
2023-02-05 12:33:07.789 [info] Profiles: No changes found during synchronizing profiles.
2023-02-05 12:33:07.799 [info] Sync done. Took 482ms
2023-02-05 12:38:07.801 [info] Auto Sync: Triggered by Interval
2023-02-05 12:38:07.802 [info] Sync started.
2023-02-05 12:38:08.385 [info] Settings: No changes found during synchronizing settings.
2023-02-05 12:38:08.396 [info] Keybindings: No changes found during synchronizing keybindings.
2023-02-05 12:38:08.405 [info] Snippets: No changes found during synchronizing snippets.
2023-02-05 12:38:08.413 [info] Tasks: No changes found during synchronizing tasks.
2023-02-05 12:38:08.425 [info] GlobalState: No changes found during synchronizing ui state.
2023-02-05 12:38:08.578 [info] Extensions: No changes found during synchronizing extensions.
2023-02-05 12:38:08.586 [info] Profiles: No changes found during synchronizing profiles.
2023-02-05 12:38:08.592 [info] Sync done. Took 792ms
2023-02-05 12:43:08.599 [info] Auto Sync: Triggered by Interval
2023-02-05 12:43:08.600 [info] Sync started.
2023-02-05 12:43:09.120 [info] Settings: No changes found during synchronizing settings.
2023-02-05 12:43:09.128 [info] Keybindings: No changes found during synchronizing keybindings.
2023-02-05 12:43:09.136 [info] Snippets: No changes found during synchronizing snippets.
2023-02-05 12:43:09.146 [info] Tasks: No changes found during synchronizing tasks.
2023-02-05 12:43:09.156 [info] GlobalState: No changes found during synchronizing ui state.
2023-02-05 12:43:09.324 [info] Extensions: No changes found during synchronizing extensions.
2023-02-05 12:43:09.328 [info] Profiles: No changes found during synchronizing profiles.
2023-02-05 12:43:09.337 [info] Sync done. Took 739ms
2023-02-05 12:48:09.341 [info] Auto Sync: Triggered by Interval
2023-02-05 12:48:09.342 [info] Sync started.
2023-02-05 12:48:09.868 [info] Settings: No changes found during synchronizing settings.
2023-02-05 12:48:09.876 [info] Keybindings: No changes found during synchronizing keybindings.
2023-02-05 12:48:09.883 [info] Snippets: No changes found during synchronizing snippets.
2023-02-05 12:48:09.888 [info] Tasks: No changes found during synchronizing tasks.
2023-02-05 12:48:09.897 [info] GlobalState: No changes found during synchronizing ui state.
2023-02-05 12:48:10.038 [info] Extensions: No changes found during synchronizing extensions.
2023-02-05 12:48:10.041 [info] Profiles: No changes found during synchronizing profiles.
2023-02-05 12:48:10.045 [info] Sync done. Took 706ms
2023-02-05 12:53:10.047 [info] Auto Sync: Triggered by Interval
2023-02-05 12:53:10.047 [info] Sync started.
2023-02-05 12:53:10.573 [info] Settings: No changes found during synchronizing settings.
2023-02-05 12:53:10.582 [info] Keybindings: No changes found during synchronizing keybindings.
2023-02-05 12:53:10.594 [info] Snippets: No changes found during synchronizing snippets.
2023-02-05 12:53:10.601 [info] Tasks: No changes found during synchronizing tasks.
2023-02-05 12:53:10.619 [info] GlobalState: No changes found during synchronizing ui state.
2023-02-05 12:53:10.802 [info] Extensions: No changes found during synchronizing extensions.
2023-02-05 12:53:10.829 [info] Profiles: No changes found during synchronizing profiles.
2023-02-05 12:53:10.834 [info] Sync done. Took 788ms
2023-02-05 12:58:10.840 [info] Auto Sync: Triggered by Interval
2023-02-05 12:58:10.842 [info] Sync started.
2023-02-05 12:58:11.444 [info] Settings: No changes found during synchronizing settings.
2023-02-05 12:58:11.481 [info] Keybindings: No changes found during synchronizing keybindings.
2023-02-05 12:58:11.503 [info] Snippets: No changes found during synchronizing snippets.
2023-02-05 12:58:11.528 [info] Tasks: No changes found during synchronizing tasks.
2023-02-05 12:58:11.562 [info] GlobalState: No changes found during synchronizing ui state.
2023-02-05 12:58:11.969 [info] Extensions: No changes found during synchronizing extensions.
2023-02-05 12:58:11.986 [info] Profiles: No changes found during synchronizing profiles.
2023-02-05 12:58:12.002 [info] Sync done. Took 1162ms
2023-02-05 12:58:12.006 [info] Auto Sync: Triggered by Activity
2023-02-05 12:58:12.010 [info] Sync started.
2023-02-05 12:58:12.342 [info] Settings: No changes found during synchronizing settings.
2023-02-05 12:58:12.387 [info] Keybindings: No changes found during synchronizing keybindings.
2023-02-05 12:58:12.435 [info] Snippets: No changes found during synchronizing snippets.
2023-02-05 12:58:12.474 [info] Tasks: No changes found during synchronizing tasks.
2023-02-05 12:58:12.514 [info] GlobalState: No changes found during synchronizing ui state.
2023-02-05 12:58:12.898 [info] Extensions: No changes found during synchronizing extensions.
2023-02-05 12:58:12.972 [info] Profiles: No changes found during synchronizing profiles.
2023-02-05 12:58:12.990 [info] Sync done. Took 988ms
2023-02-05 13:03:12.994 [info] Auto Sync: Triggered by Interval
2023-02-05 13:03:12.994 [info] Sync started.
2023-02-05 13:03:13.573 [info] Settings: No changes found during synchronizing settings.
2023-02-05 13:03:13.601 [info] Keybindings: No changes found during synchronizing keybindings.
2023-02-05 13:03:13.628 [info] Snippets: No changes found during synchronizing snippets.
2023-02-05 13:03:13.646 [info] Tasks: No changes found during synchronizing tasks.
2023-02-05 13:03:13.675 [info] GlobalState: No changes found during synchronizing ui state.
2023-02-05 13:03:14.030 [info] Extensions: No changes found during synchronizing extensions.
2023-02-05 13:03:14.044 [info] Profiles: No changes found during synchronizing profiles.
2023-02-05 13:03:14.059 [info] Sync done. Took 1067ms
2023-02-05 13:08:14.064 [info] Auto Sync: Triggered by Interval
2023-02-05 13:08:14.065 [info] Sync started.
2023-02-05 13:08:14.636 [info] Settings: No changes found during synchronizing settings.
2023-02-05 13:08:14.671 [info] Keybindings: No changes found during synchronizing keybindings.
2023-02-05 13:08:14.716 [info] Snippets: No changes found during synchronizing snippets.
2023-02-05 13:08:14.741 [info] Tasks: No changes found during synchronizing tasks.
2023-02-05 13:08:14.765 [info] GlobalState: No changes found during synchronizing ui state.
2023-02-05 13:08:15.225 [info] Extensions: No changes found during synchronizing extensions.
2023-02-05 13:08:15.245 [info] Profiles: No changes found during synchronizing profiles.
2023-02-05 13:08:15.258 [info] Sync done. Took 1198ms
2023-02-05 13:12:11.259 [info] Auto Sync: Triggered by Activity
2023-02-05 13:12:11.553 [info] Sync started.
2023-02-05 13:12:14.046 [info] Settings: No changes found during synchronizing settings.
2023-02-05 13:12:14.153 [info] Keybindings: No changes found during synchronizing keybindings.
