2023-01-19 11:20:42.445 [info] Log level: Info
2023-01-19 11:20:42.445 [info] Validating found git in: "git"
2023-01-19 11:20:42.471 [info] Using git "2.37.2" from "git"
2023-01-19 11:21:10.954 [info] Log level: Info
2023-01-19 11:21:10.954 [info] Validating found git in: "git"
2023-01-19 11:21:10.954 [info] Using git "2.37.2" from "git"
2023-01-19 11:21:10.954 [info] > git rev-parse --show-toplevel [17ms]
2023-01-19 11:21:10.955 [info] > git rev-parse --git-dir --git-common-dir [21ms]
2023-01-19 11:21:10.969 [info] Open repository: /home/buddhilw/PP/facti/linfo-fresh
2023-01-19 11:21:10.999 [info] > git rev-parse --show-toplevel [20ms]
2023-01-19 11:21:11.013 [info] > git rev-parse --show-toplevel [5ms]
2023-01-19 11:21:11.023 [info] > git config --get commit.template [25ms]
2023-01-19 11:21:11.025 [info] > git rev-parse --show-toplevel [3ms]
2023-01-19 11:21:11.041 [info] > git rev-parse --show-toplevel [9ms]
2023-01-19 11:21:11.048 [info] > git for-each-ref --format=%(refname)%00%(upstream:short)%00%(objectname)%00%(upstream:track)%00%(upstream:remotename)%00%(upstream:remoteref) refs/heads/134-prestacao-de-contas-portaria-5275 refs/remotes/134-prestacao-de-contas-portaria-5275 [9ms]
2023-01-19 11:21:11.064 [info] > git rev-parse --show-toplevel [17ms]
2023-01-19 11:21:11.083 [info] > git status -z -uall [27ms]
2023-01-19 11:21:11.084 [info] > git rev-parse --show-toplevel [5ms]
2023-01-19 11:21:11.099 [info] > git for-each-ref --sort -committerdate --format %(refname) %(objectname) %(*objectname) [36ms]
2023-01-19 11:21:11.132 [info] > git rev-parse --show-toplevel [35ms]
2023-01-19 11:21:11.152 [info] > git config --get commit.template [25ms]
2023-01-19 11:21:11.157 [info] > git rev-parse --show-toplevel [7ms]
2023-01-19 11:21:11.189 [info] > git rev-parse --show-toplevel [15ms]
2023-01-19 11:21:11.206 [info] > git rev-parse --show-toplevel [6ms]
2023-01-19 11:21:11.215 [info] > git for-each-ref --format=%(refname)%00%(upstream:short)%00%(objectname)%00%(upstream:track)%00%(upstream:remotename)%00%(upstream:remoteref) refs/heads/134-prestacao-de-contas-portaria-5275 refs/remotes/134-prestacao-de-contas-portaria-5275 [29ms]
2023-01-19 11:21:11.234 [info] > git rev-parse --show-toplevel [18ms]
2023-01-19 11:21:11.247 [info] > git status -z -uall [23ms]
2023-01-19 11:21:11.247 [info] > git for-each-ref --sort -committerdate --format %(refname) %(objectname) %(*objectname) [15ms]
2023-01-19 11:21:11.253 [info] > git rev-parse --show-toplevel [6ms]
2023-01-19 11:21:11.267 [info] > git rev-parse --show-toplevel [3ms]
2023-01-19 11:21:11.280 [info] > git rev-parse --show-toplevel [7ms]
2023-01-19 11:21:11.292 [info] > git rev-parse --show-toplevel [4ms]
2023-01-19 11:21:11.493 [info] > git check-ignore -v -z --stdin [4ms]
2023-01-19 11:21:32.874 [info] > git show --textconv :views/pagina-entidade/base.ejs [14ms]
2023-01-19 11:21:32.881 [info] > git ls-files --stage -- /home/buddhilw/PP/facti/linfo-fresh/views/pagina-entidade/base.ejs [8ms]
2023-01-19 11:21:32.922 [info] > git cat-file -s 8f9e74afb751b5929881d7d951931ece50180799 [17ms]
2023-01-19 11:21:33.358 [info] > git check-ignore -v -z --stdin [3ms]
2023-01-19 11:21:40.612 [info] > git show --textconv :views/prestacoes-de-contas/base.ejs [21ms]
2023-01-19 11:21:40.648 [info] > git ls-files --stage -- /home/buddhilw/PP/facti/linfo-fresh/views/prestacoes-de-contas/base.ejs [37ms]
2023-01-19 11:21:40.681 [info] > git cat-file -s c9cd2c161e6d3c6e265a0aa02010ee26ed7a5d39 [21ms]
2023-01-19 11:21:41.041 [info] > git check-ignore -v -z --stdin [8ms]
2023-01-19 11:23:33.010 [info] Log level: Info
2023-01-19 11:23:33.010 [info] Validating found git in: "git"
2023-01-19 11:23:33.010 [info] Using git "2.37.2" from "git"
2023-01-19 11:23:33.010 [info] > git rev-parse --show-toplevel [21ms]
2023-01-19 11:23:33.010 [info] > git rev-parse --git-dir --git-common-dir [30ms]
2023-01-19 11:23:33.010 [info] Open repository: /home/buddhilw/PP/facti/linfo-fresh
2023-01-19 11:23:33.010 [info] > git config --get commit.template [34ms]
2023-01-19 11:23:33.010 [info] > git rev-parse --show-toplevel [80ms]
2023-01-19 11:23:33.010 [info] > git rev-parse --show-toplevel [48ms]
2023-01-19 11:23:33.010 [info] > git rev-parse --show-toplevel [123ms]
2023-01-19 11:23:33.010 [info] > git rev-parse --show-toplevel [20ms]
2023-01-19 11:23:33.010 [info] > git for-each-ref --format=%(refname)%00%(upstream:short)%00%(objectname)%00%(upstream:track)%00%(upstream:remotename)%00%(upstream:remoteref) refs/heads/134-prestacao-de-contas-portaria-5275 refs/remotes/134-prestacao-de-contas-portaria-5275 [59ms]
2023-01-19 11:23:33.010 [info] > git for-each-ref --sort -committerdate --format %(refname) %(objectname) %(*objectname) [3ms]
2023-01-19 11:23:33.010 [info] > git rev-parse --show-toplevel [50ms]
2023-01-19 11:23:33.010 [info] > git status -z -uall [75ms]
2023-01-19 11:23:33.010 [info] > git rev-parse --show-toplevel [28ms]
2023-01-19 11:23:33.010 [info] > git config --get commit.template [40ms]
2023-01-19 11:23:33.010 [info] > git rev-parse --show-toplevel [14ms]
2023-01-19 11:23:33.010 [info] > git for-each-ref --format=%(refname)%00%(upstream:short)%00%(objectname)%00%(upstream:track)%00%(upstream:remotename)%00%(upstream:remoteref) refs/heads/134-prestacao-de-contas-portaria-5275 refs/remotes/134-prestacao-de-contas-portaria-5275 [17ms]
2023-01-19 11:23:33.010 [info] > git rev-parse --show-toplevel [37ms]
2023-01-19 11:23:33.010 [info] > git status -z -uall [42ms]
2023-01-19 11:23:33.010 [info] > git for-each-ref --sort -committerdate --format %(refname) %(objectname) %(*objectname) [33ms]
2023-01-19 11:23:33.010 [info] > git rev-parse --show-toplevel [16ms]
2023-01-19 11:23:33.010 [info] > git rev-parse --show-toplevel [5ms]
2023-01-19 11:23:33.010 [info] > git rev-parse --show-toplevel [19ms]
2023-01-19 11:23:33.010 [info] > git check-ignore -v -z --stdin [26ms]
2023-01-19 11:23:33.010 [info] > git rev-parse --show-toplevel [7ms]
2023-01-19 11:23:33.010 [info] > git rev-parse --show-toplevel [7ms]
2023-01-19 11:23:33.010 [info] > git rev-parse --show-toplevel [11ms]
2023-01-19 11:23:33.010 [info] > git rev-parse --show-toplevel [37ms]
2023-01-19 11:23:33.012 [info] > git rev-parse --show-toplevel [8ms]
2023-01-19 11:23:33.702 [info] > git show --textconv :views/prestacoes-de-contas/base.ejs [20ms]
2023-01-19 11:23:33.712 [info] > git ls-files --stage -- /home/buddhilw/PP/facti/linfo-fresh/views/prestacoes-de-contas/base.ejs [11ms]
2023-01-19 11:23:33.978 [info] > git cat-file -s c9cd2c161e6d3c6e265a0aa02010ee26ed7a5d39 [235ms]
2023-01-19 11:24:34.564 [info] > git check-ignore -v -z --stdin [5ms]
2023-01-19 11:24:44.027 [info] > git check-ignore -v -z --stdin [3ms]
2023-01-19 11:24:52.429 [info] > git show --textconv :views/pagina-prestacao-de-contas/base.ejs [8ms]
2023-01-19 11:24:52.431 [info] > git ls-files --stage -- /home/buddhilw/PP/facti/linfo-fresh/views/pagina-prestacao-de-contas/base.ejs [2ms]
2023-01-19 11:24:52.437 [info] > git cat-file -s bd9b8194838d728f6904f28b1b71418765fe0235 [2ms]
2023-01-19 11:25:33.292 [info] > git check-ignore -v -z --stdin [2ms]
2023-01-19 11:27:33.951 [info] > git config --get commit.template [7ms]
2023-01-19 11:27:33.952 [info] > git for-each-ref --format=%(refname)%00%(upstream:short)%00%(objectname)%00%(upstream:track)%00%(upstream:remotename)%00%(upstream:remoteref) refs/heads/134-prestacao-de-contas-portaria-5275 refs/remotes/134-prestacao-de-contas-portaria-5275 [4ms]
2023-01-19 11:27:33.964 [info] > git status -z -uall [8ms]
2023-01-19 11:27:33.966 [info] > git for-each-ref --sort -committerdate --format %(refname) %(objectname) %(*objectname) [3ms]
2023-01-19 11:27:38.992 [info] > git config --get commit.template [11ms]
2023-01-19 11:27:38.995 [info] > git for-each-ref --format=%(refname)%00%(upstream:short)%00%(objectname)%00%(upstream:track)%00%(upstream:remotename)%00%(upstream:remoteref) refs/heads/134-prestacao-de-contas-portaria-5275 refs/remotes/134-prestacao-de-contas-portaria-5275 [6ms]
2023-01-19 11:27:39.017 [info] > git for-each-ref --sort -committerdate --format %(refname) %(objectname) %(*objectname) [4ms]
2023-01-19 11:27:39.018 [info] > git status -z -uall [11ms]
2023-01-19 11:28:40.044 [info] > git check-ignore -v -z --stdin [4ms]
2023-01-19 11:28:40.408 [info] > git ls-files --stage -- /home/buddhilw/PP/facti/linfo-fresh/test/pagina.js [5ms]
2023-01-19 11:28:40.427 [info] > git show --textconv :test/pagina.js [51ms]
2023-01-19 11:28:40.450 [info] > git cat-file -s ec6fbc71ee12c1cbc576fd9e2a06e2e1b00fc4f5 [27ms]
2023-01-19 11:28:40.931 [info] > git check-ignore -v -z --stdin [25ms]
2023-01-19 11:28:43.039 [info] > git check-ignore -v -z --stdin [12ms]
2023-01-19 11:28:43.192 [info] > git show --textconv :routes/pagina.js [46ms]
2023-01-19 11:28:43.199 [info] > git ls-files --stage -- /home/buddhilw/PP/facti/linfo-fresh/routes/pagina.js [6ms]
2023-01-19 11:28:43.262 [info] > git cat-file -s a2843116715387cf0b7f32cec91a16daf39ed180 [20ms]
2023-01-19 11:28:43.615 [info] > git check-ignore -v -z --stdin [11ms]
2023-01-19 11:32:48.970 [info] > git show --textconv :services/prestacao-de-contas-elaboracao.js [23ms]
2023-01-19 11:32:48.971 [info] > git ls-files --stage -- /home/buddhilw/PP/facti/linfo-fresh/services/prestacao-de-contas-elaboracao.js [2ms]
2023-01-19 11:32:48.986 [info] > git cat-file -s 972f8fca0b485e5d6923d43a7ae45d8ee45002f2 [4ms]
2023-01-19 11:32:49.430 [info] > git check-ignore -v -z --stdin [6ms]
2023-01-19 13:12:49.197 [info] > git config --get commit.template [18ms]
2023-01-19 13:12:49.198 [info] > git for-each-ref --format=%(refname)%00%(upstream:short)%00%(objectname)%00%(upstream:track)%00%(upstream:remotename)%00%(upstream:remoteref) refs/heads/134-prestacao-de-contas-portaria-5275 refs/remotes/134-prestacao-de-contas-portaria-5275 [3ms]
2023-01-19 13:12:49.221 [info] > git for-each-ref --sort -committerdate --format %(refname) %(objectname) %(*objectname) [5ms]
2023-01-19 13:12:49.223 [info] > git status -z -uall [15ms]
2023-01-19 13:12:54.243 [info] > git config --get commit.template [8ms]
2023-01-19 13:12:54.244 [info] > git for-each-ref --format=%(refname)%00%(upstream:short)%00%(objectname)%00%(upstream:track)%00%(upstream:remotename)%00%(upstream:remoteref) refs/heads/134-prestacao-de-contas-portaria-5275 refs/remotes/134-prestacao-de-contas-portaria-5275 [2ms]
2023-01-19 13:12:54.268 [info] > git status -z -uall [13ms]
2023-01-19 13:12:54.272 [info] > git for-each-ref --sort -committerdate --format %(refname) %(objectname) %(*objectname) [6ms]
2023-01-19 13:12:55.637 [info] > git check-ignore -v -z --stdin [2ms]
2023-01-19 14:33:44.258 [info] > git config --get commit.template [10ms]
2023-01-19 14:33:44.262 [info] > git for-each-ref --format=%(refname)%00%(upstream:short)%00%(objectname)%00%(upstream:track)%00%(upstream:remotename)%00%(upstream:remoteref) refs/heads/134-prestacao-de-contas-portaria-5275 refs/remotes/134-prestacao-de-contas-portaria-5275 [4ms]
2023-01-19 14:33:44.352 [info] > git status -z -uall [83ms]
2023-01-19 14:33:44.352 [info] > git ls-files --stage -- /home/buddhilw/PP/facti/linfo-fresh/routes/pagina.js [16ms]
2023-01-19 14:33:44.361 [info] > git ls-files --stage -- /home/buddhilw/PP/facti/linfo-fresh/test/pagina.js [41ms]
2023-01-19 14:33:44.370 [info] > git ls-files --stage -- /home/buddhilw/PP/facti/linfo-fresh/views/prestacoes-de-contas/base.ejs [74ms]
2023-01-19 14:33:44.376 [info] > git for-each-ref --sort -committerdate --format %(refname) %(objectname) %(*objectname) [94ms]
2023-01-19 14:33:44.392 [info] > git cat-file -s c9cd2c161e6d3c6e265a0aa02010ee26ed7a5d39 [16ms]
2023-01-19 14:33:44.393 [info] > git cat-file -s ec6fbc71ee12c1cbc576fd9e2a06e2e1b00fc4f5 [23ms]
2023-01-19 14:33:44.393 [info] > git cat-file -s a2843116715387cf0b7f32cec91a16daf39ed180 [32ms]
2023-01-19 14:33:44.394 [info] > git ls-files --stage -- /home/buddhilw/PP/facti/linfo-fresh/services/prestacao-de-contas-elaboracao.js [44ms]
2023-01-19 14:33:44.417 [info] > git cat-file -s 972f8fca0b485e5d6923d43a7ae45d8ee45002f2 [10ms]
2023-01-19 14:33:44.481 [info] > git show --textconv :views/prestacoes-de-contas/base.ejs [33ms]
2023-01-19 14:33:44.482 [info] > git show --textconv :test/pagina.js [20ms]
2023-01-19 14:33:44.497 [info] > git show --textconv :routes/pagina.js [17ms]
2023-01-19 14:33:44.499 [info] > git show --textconv :services/prestacao-de-contas-elaboracao.js [3ms]
2023-01-19 15:05:46.581 [info] > git config --get commit.template [17ms]
2023-01-19 15:05:46.584 [info] > git for-each-ref --format=%(refname)%00%(upstream:short)%00%(objectname)%00%(upstream:track)%00%(upstream:remotename)%00%(upstream:remoteref) refs/heads/134-prestacao-de-contas-portaria-5275 refs/remotes/134-prestacao-de-contas-portaria-5275 [5ms]
2023-01-19 15:05:46.619 [info] > git status -z -uall [27ms]
2023-01-19 15:05:46.623 [info] > git for-each-ref --sort -committerdate --format %(refname) %(objectname) %(*objectname) [5ms]
