2023-04-14 19:27:32.317 [info] Active editor: file:///home/buddhilw/facti/linfo-ppi/pdfPC/src/app/core.cljs
2023-04-14 19:28:03.937 [info] Executing :w
2023-04-14 19:29:00.532 [info] Active editor: file:///home/buddhilw/facti/linfo-ppi/pdfPC/src/app/views.cljs
2023-04-14 19:29:16.969 [info] /home/buddhilw/.config/Code/User/settings.json closed
2023-04-14 19:29:16.989 [info] Configuration changed
2023-04-14 19:29:20.290 [info] /home/buddhilw/.config/Code/User/settings.json closed
2023-04-14 19:29:20.309 [info] Configuration changed
2023-04-14 19:29:20.957 [info] /home/buddhilw/.config/Code/User/settings.json closed
2023-04-14 19:29:20.977 [info] Configuration changed
2023-04-14 19:29:44.847 [info] Active editor: jar:file%3A/home/buddhilw/.m2/repository/org/clojure/clojurescript/1.11.60/clojurescript-1.11.60.jar%21/cljs/core.cljc
2023-04-14 19:29:51.148 [info] file:/home/buddhilw/.m2/repository/org/clojure/clojurescript/1.11.60/clojurescript-1.11.60.jar!/cljs/core.cljc closed
2023-04-14 19:29:51.153 [info] Active editor: file:///home/buddhilw/facti/linfo-ppi/pdfPC/src/app/views.cljs
2023-04-14 19:29:54.141 [info] /home/buddhilw/facti/linfo-ppi/pdfPC/src/app/views.cljs closed
2023-04-14 19:29:54.142 [info] /home/buddhilw/facti/linfo-ppi/pdfPC/src/app/views.cljs.git closed
2023-04-14 19:29:54.147 [info] Active editor: file:///home/buddhilw/facti/linfo-ppi/pdfPC/src/app/core.cljs
2023-04-14 19:30:45.352 [info] Active editor: file:///home/buddhilw/PP/facti/linfo-fresh/pdfPC/README.md
2023-04-14 19:30:48.475 [info] /home/buddhilw/PP/facti/linfo-fresh/pdfPC/README.md closed
2023-04-14 19:30:48.481 [info] Active editor: file:///home/buddhilw/facti/linfo-ppi/pdfPC/src/app/core.cljs
2023-04-14 19:31:14.112 [info] Active editor: file:///home/buddhilw/facti/linfo-ppi/pdfPC/src/app/views.cljs
2023-04-14 19:31:15.664 [info] Active editor: jar:file%3A/home/buddhilw/.m2/repository/org/clojure/clojurescript/1.11.60/clojurescript-1.11.60.jar%21/cljs/core.cljc
2023-04-14 19:31:21.940 [info] file:/home/buddhilw/.m2/repository/org/clojure/clojurescript/1.11.60/clojurescript-1.11.60.jar!/cljs/core.cljc closed
2023-04-14 19:31:21.946 [info] Active editor: file:///home/buddhilw/facti/linfo-ppi/pdfPC/src/app/views.cljs
2023-04-14 19:31:22.867 [info] /home/buddhilw/facti/linfo-ppi/pdfPC/src/app/views.cljs closed
2023-04-14 19:31:22.867 [info] /home/buddhilw/facti/linfo-ppi/pdfPC/src/app/views.cljs.git closed
2023-04-14 19:31:22.872 [info] Active editor: file:///home/buddhilw/facti/linfo-ppi/pdfPC/src/app/core.cljs
2023-04-14 19:32:17.838 [info] /home/buddhilw/.config/Code/User/settings.json closed
2023-04-14 19:32:17.857 [info] Configuration changed
2023-04-14 19:32:18.910 [info] /home/buddhilw/.config/Code/User/settings.json closed
2023-04-14 19:32:18.929 [info] Configuration changed
2023-04-14 19:32:21.436 [info] Active editor: file:///home/buddhilw/facti/linfo-ppi/pdfPC/src/app/views.cljs
2023-04-14 19:32:23.125 [info] Active editor: file:///home/buddhilw/facti/linfo-ppi/pdfPC/src/app/core.cljs
2023-04-14 19:32:23.983 [info] /home/buddhilw/facti/linfo-ppi/pdfPC/src/app/views.cljs closed
2023-04-14 19:32:23.983 [info] /home/buddhilw/facti/linfo-ppi/pdfPC/src/app/views.cljs.git closed
2023-04-14 19:32:26.730 [info] Active editor: file:///home/buddhilw/facti/linfo-ppi/pdfPC/src/app/core.cljs
2023-04-14 19:32:29.284 [info] Active editor: file:///home/buddhilw/facti/linfo-ppi/pdfPC/src/app/views.cljs
2023-04-14 19:32:30.887 [info] Active editor: file:///home/buddhilw/facti/linfo-ppi/pdfPC/src/app/core.cljs
2023-04-14 19:32:31.589 [info] Active editor: file:///home/buddhilw/facti/linfo-ppi/pdfPC/src/app/views.cljs
2023-04-14 19:32:32.135 [info] Active editor: file:///home/buddhilw/facti/linfo-ppi/pdfPC/src/app/core.cljs
2023-04-14 19:32:33.230 [info] /home/buddhilw/facti/linfo-ppi/pdfPC/src/app/views.cljs closed
2023-04-14 19:32:33.231 [info] /home/buddhilw/facti/linfo-ppi/pdfPC/src/app/views.cljs.git closed
2023-04-14 19:32:33.256 [info] Active editor: file:///home/buddhilw/facti/linfo-ppi/pdfPC/shadow-cljs.edn
2023-04-14 19:32:36.787 [info] Active editor: file:///home/buddhilw/facti/linfo-ppi/pdfPC/src/app/core.cljs
2023-04-14 19:32:45.555 [info] /home/buddhilw/facti/linfo-ppi/pdfPC/src/app/views.cljs closed
2023-04-14 19:33:28.430 [info] Executing :w
2023-04-14 19:38:11.369 [info] Active editor: file:///home/buddhilw/facti/linfo-ppi/pdfPC/src/app/core.cljs
2023-04-14 19:38:31.504 [info] Active editor: file:///home/buddhilw/facti/linfo-ppi/pdfPC/src/app/core.cljs
