2023-04-14 19:17:29.567 [info] Started initializing default profile extensions in extensions installation folder. file:///home/buddhilw/.vscode/extensions
2023-04-14 19:17:29.663 [info] Completed initializing default profile extensions in extensions installation folder. file:///home/buddhilw/.vscode/extensions
2023-04-14 19:17:46.213 [info] Getting Manifest... betterthantomorrow.calva
2023-04-14 19:17:46.220 [info] Installing extension: betterthantomorrow.calva
2023-04-14 19:17:46.454 [info] Getting Manifest... betterthantomorrow.calva-spritz
2023-04-14 19:17:46.495 [info] Installing extension: betterthantomorrow.calva-spritz betterthantomorrow.calva
2023-04-14 19:17:47.966 [info] Extension signature is verified: betterthantomorrow.calva-spritz
2023-04-14 19:17:47.980 [info] Extracted extension to /home/buddhilw/.vscode/extensions/.3a3e0ff4-b73d-4d19-8684-958ef327fda2: betterthantomorrow.calva-spritz
2023-04-14 19:17:47.985 [info] Renamed to /home/buddhilw/.vscode/extensions/betterthantomorrow.calva-spritz-1.0.4
2023-04-14 19:17:47.986 [info] Extracting extension completed. betterthantomorrow.calva-spritz
2023-04-14 19:17:50.319 [info] Extension signature is verified: betterthantomorrow.calva
2023-04-14 19:17:50.560 [info] Extracted extension to /home/buddhilw/.vscode/extensions/.7c93a641-21bc-4c4a-87ec-e87876b7c784: betterthantomorrow.calva
2023-04-14 19:17:50.567 [info] Renamed to /home/buddhilw/.vscode/extensions/betterthantomorrow.calva-2.0.351
2023-04-14 19:17:50.569 [info] Extracting extension completed. betterthantomorrow.calva
2023-04-14 19:17:50.576 [info] Extension installed successfully: betterthantomorrow.calva-spritz
2023-04-14 19:17:50.576 [info] Extension installed successfully: betterthantomorrow.calva
2023-04-14 19:27:15.995 [info] Getting Manifest... vscodevim.vim
2023-04-14 19:27:16.001 [info] Installing extension: vscodevim.vim
2023-04-14 19:27:17.203 [info] Extension signature is verified: vscodevim.vim
2023-04-14 19:27:17.244 [info] Extracted extension to /home/buddhilw/.vscode/extensions/.b49ccaaa-4c38-4543-9d89-0da26b5642d8: vscodevim.vim
2023-04-14 19:27:17.248 [info] Renamed to /home/buddhilw/.vscode/extensions/vscodevim.vim-1.25.2
2023-04-14 19:27:17.249 [info] Extracting extension completed. vscodevim.vim
2023-04-14 19:27:17.255 [info] Extension installed successfully: vscodevim.vim
