[Info  - 11:21:32 AM] ESLint server is starting
[Info  - 11:21:32 AM] ESLint server running in node v16.14.2
[Info  - 11:21:32 AM] ESLint server is running.
[Info  - 11:21:33 AM] ESLint library loaded from: /home/buddhilw/PP/facti/linfo-fresh/node_modules/eslint/lib/api.js
Uncaught exception received.
Error: .eslintrc.js:
	Environment key "es2022" is unknown

    at /home/buddhilw/PP/facti/linfo-fresh/node_modules/@eslint/eslintrc/lib/shared/config-validator.js:175:23
    at Array.forEach (<anonymous>)
    at ConfigValidator.validateEnvironment (/home/buddhilw/PP/facti/linfo-fresh/node_modules/@eslint/eslintrc/lib/shared/config-validator.js:169:34)
    at ConfigValidator.validateConfigArray (/home/buddhilw/PP/facti/linfo-fresh/node_modules/@eslint/eslintrc/lib/shared/config-validator.js:319:18)
    at CascadingConfigArrayFactory._finalizeConfigArray (/home/buddhilw/PP/facti/linfo-fresh/node_modules/@eslint/eslintrc/lib/cascading-config-array-factory.js:493:23)
    at CascadingConfigArrayFactory.getConfigArrayForFile (/home/buddhilw/PP/facti/linfo-fresh/node_modules/@eslint/eslintrc/lib/cascading-config-array-factory.js:299:21)
    at CLIEngine.getConfigForFile (/home/buddhilw/PP/facti/linfo-fresh/node_modules/eslint/lib/cli-engine/cli-engine.js:953:14)
    at k.calculateConfigForFile (/home/buddhilw/.vscode/extensions/dbaeumer.vscode-eslint-2.2.6/server/out/eslintServer.js:1:12461)
    at /home/buddhilw/.vscode/extensions/dbaeumer.vscode-eslint-2.2.6/server/out/eslintServer.js:1:21085
    at Object.E [as withClass] (/home/buddhilw/.vscode/extensions/dbaeumer.vscode-eslint-2.2.6/server/out/eslintServer.js:1:18310)
Uncaught exception received.
Error: .eslintrc.js:
	Environment key "es2022" is unknown

    at /home/buddhilw/PP/facti/linfo-fresh/node_modules/@eslint/eslintrc/lib/shared/config-validator.js:175:23
    at Array.forEach (<anonymous>)
    at ConfigValidator.validateEnvironment (/home/buddhilw/PP/facti/linfo-fresh/node_modules/@eslint/eslintrc/lib/shared/config-validator.js:169:34)
    at ConfigValidator.validateConfigArray (/home/buddhilw/PP/facti/linfo-fresh/node_modules/@eslint/eslintrc/lib/shared/config-validator.js:319:18)
    at CascadingConfigArrayFactory._finalizeConfigArray (/home/buddhilw/PP/facti/linfo-fresh/node_modules/@eslint/eslintrc/lib/cascading-config-array-factory.js:493:23)
    at CascadingConfigArrayFactory.getConfigArrayForFile (/home/buddhilw/PP/facti/linfo-fresh/node_modules/@eslint/eslintrc/lib/cascading-config-array-factory.js:299:21)
    at CLIEngine.getConfigForFile (/home/buddhilw/PP/facti/linfo-fresh/node_modules/eslint/lib/cli-engine/cli-engine.js:953:14)
    at k.calculateConfigForFile (/home/buddhilw/.vscode/extensions/dbaeumer.vscode-eslint-2.2.6/server/out/eslintServer.js:1:12461)
    at /home/buddhilw/.vscode/extensions/dbaeumer.vscode-eslint-2.2.6/server/out/eslintServer.js:1:21085
    at Object.E [as withClass] (/home/buddhilw/.vscode/extensions/dbaeumer.vscode-eslint-2.2.6/server/out/eslintServer.js:1:18310)
Uncaught exception received.
Error: .eslintrc.js:
	Environment key "es2022" is unknown

    at /home/buddhilw/PP/facti/linfo-fresh/node_modules/@eslint/eslintrc/lib/shared/config-validator.js:175:23
    at Array.forEach (<anonymous>)
    at ConfigValidator.validateEnvironment (/home/buddhilw/PP/facti/linfo-fresh/node_modules/@eslint/eslintrc/lib/shared/config-validator.js:169:34)
    at ConfigValidator.validateConfigArray (/home/buddhilw/PP/facti/linfo-fresh/node_modules/@eslint/eslintrc/lib/shared/config-validator.js:319:18)
    at CascadingConfigArrayFactory._finalizeConfigArray (/home/buddhilw/PP/facti/linfo-fresh/node_modules/@eslint/eslintrc/lib/cascading-config-array-factory.js:493:23)
    at CascadingConfigArrayFactory.getConfigArrayForFile (/home/buddhilw/PP/facti/linfo-fresh/node_modules/@eslint/eslintrc/lib/cascading-config-array-factory.js:299:21)
    at CLIEngine.getConfigForFile (/home/buddhilw/PP/facti/linfo-fresh/node_modules/eslint/lib/cli-engine/cli-engine.js:953:14)
    at k.calculateConfigForFile (/home/buddhilw/.vscode/extensions/dbaeumer.vscode-eslint-2.2.6/server/out/eslintServer.js:1:12461)
    at /home/buddhilw/.vscode/extensions/dbaeumer.vscode-eslint-2.2.6/server/out/eslintServer.js:1:21085
    at Object.E [as withClass] (/home/buddhilw/.vscode/extensions/dbaeumer.vscode-eslint-2.2.6/server/out/eslintServer.js:1:18310)
Uncaught exception received.
Error: .eslintrc.js:
	Environment key "es2022" is unknown

    at /home/buddhilw/PP/facti/linfo-fresh/node_modules/@eslint/eslintrc/lib/shared/config-validator.js:175:23
    at Array.forEach (<anonymous>)
    at ConfigValidator.validateEnvironment (/home/buddhilw/PP/facti/linfo-fresh/node_modules/@eslint/eslintrc/lib/shared/config-validator.js:169:34)
    at ConfigValidator.validateConfigArray (/home/buddhilw/PP/facti/linfo-fresh/node_modules/@eslint/eslintrc/lib/shared/config-validator.js:319:18)
    at CascadingConfigArrayFactory._finalizeConfigArray (/home/buddhilw/PP/facti/linfo-fresh/node_modules/@eslint/eslintrc/lib/cascading-config-array-factory.js:493:23)
    at CascadingConfigArrayFactory.getConfigArrayForFile (/home/buddhilw/PP/facti/linfo-fresh/node_modules/@eslint/eslintrc/lib/cascading-config-array-factory.js:299:21)
    at CLIEngine.getConfigForFile (/home/buddhilw/PP/facti/linfo-fresh/node_modules/eslint/lib/cli-engine/cli-engine.js:953:14)
    at k.calculateConfigForFile (/home/buddhilw/.vscode/extensions/dbaeumer.vscode-eslint-2.2.6/server/out/eslintServer.js:1:12461)
    at /home/buddhilw/.vscode/extensions/dbaeumer.vscode-eslint-2.2.6/server/out/eslintServer.js:1:21085
    at Object.E [as withClass] (/home/buddhilw/.vscode/extensions/dbaeumer.vscode-eslint-2.2.6/server/out/eslintServer.js:1:18310)
Uncaught exception received.
Error: .eslintrc.js:
	Environment key "es2022" is unknown

    at /home/buddhilw/PP/facti/linfo-fresh/node_modules/@eslint/eslintrc/lib/shared/config-validator.js:175:23
    at Array.forEach (<anonymous>)
    at ConfigValidator.validateEnvironment (/home/buddhilw/PP/facti/linfo-fresh/node_modules/@eslint/eslintrc/lib/shared/config-validator.js:169:34)
    at ConfigValidator.validateConfigArray (/home/buddhilw/PP/facti/linfo-fresh/node_modules/@eslint/eslintrc/lib/shared/config-validator.js:319:18)
    at CascadingConfigArrayFactory._finalizeConfigArray (/home/buddhilw/PP/facti/linfo-fresh/node_modules/@eslint/eslintrc/lib/cascading-config-array-factory.js:493:23)
    at CascadingConfigArrayFactory.getConfigArrayForFile (/home/buddhilw/PP/facti/linfo-fresh/node_modules/@eslint/eslintrc/lib/cascading-config-array-factory.js:299:21)
    at CLIEngine.getConfigForFile (/home/buddhilw/PP/facti/linfo-fresh/node_modules/eslint/lib/cli-engine/cli-engine.js:953:14)
    at k.calculateConfigForFile (/home/buddhilw/.vscode/extensions/dbaeumer.vscode-eslint-2.2.6/server/out/eslintServer.js:1:12461)
    at /home/buddhilw/.vscode/extensions/dbaeumer.vscode-eslint-2.2.6/server/out/eslintServer.js:1:21085
    at Object.E [as withClass] (/home/buddhilw/.vscode/extensions/dbaeumer.vscode-eslint-2.2.6/server/out/eslintServer.js:1:18310)
[Info  - 11:23:29 AM] ESLint server stopped.
