This file contains any messages produced by compilers while
running configure, to aid debugging if configure makes a mistake.

It was created by The Glorious Glasgow Haskell Compilation System configure 9.2.8, which was
generated by GNU Autoconf 2.69.  Invocation command line was

  $ /home/lw/.stack/programs/x86_64-linux/ghc-tinfo6-9.2.8.temp/ghc-9.2.8/configure --prefix=/home/lw/.stack/programs/x86_64-linux/ghc-tinfo6-9.2.8/

## --------- ##
## Platform. ##
## --------- ##

hostname = markov
uname -m = x86_64
uname -r = 6.2.0-20-generic
uname -s = Linux
uname -v = #20-Ubuntu SMP PREEMPT_DYNAMIC Thu Apr  6 07:48:48 UTC 2023

/usr/bin/uname -p = x86_64
/bin/uname -X     = unknown

/bin/arch              = x86_64
/usr/bin/arch -k       = unknown
/usr/convex/getsysinfo = unknown
/usr/bin/hostinfo      = unknown
/bin/machine           = unknown
/usr/bin/oslevel       = unknown
/bin/universe          = unknown

PATH: /home/lw/.conda/bin
PATH: /home/lw/.emacs.d/bin/
PATH: /home/lw/.conda/bin
PATH: /home/lw/.conda/bin
PATH: /home/lw/go/go/bin
PATH: /home/lw/go/bin
PATH: /home/lw/go/go/bin
PATH: /home/lw/go/bin
PATH: /home/lw/go/go/bin
PATH: /home/lw/go/bin
PATH: /usr/local/bin
PATH: /usr/local/sbin
PATH: /usr/local/games
PATH: /usr/games
PATH: /usr/sbin
PATH: /usr/bin
PATH: /snap/bin
PATH: /sbin
PATH: /bin


## ----------- ##
## Core tests. ##
## ----------- ##

configure:2381: checking build system type
configure:2395: result: x86_64-pc-linux-gnu
configure:2415: checking host system type
configure:2428: result: x86_64-pc-linux-gnu
configure:2448: checking target system type
configure:2461: result: x86_64-pc-linux-gnu
configure:3456: checking for path to top of build tree
configure:3482: result: /home/lw/dotfiles/.config/xmonad
configure:3516: checking for a BSD-compatible install
configure:3584: result: /usr/bin/install -c
configure:3598: checking whether ln -s works
configure:3602: result: yes
configure:3614: checking for gsed
configure:3645: result: sed
configure:3657: checking for python3
configure:3675: found /usr/bin/python3
configure:3687: result: /usr/bin/python3
configure:3837: checking for C compiler version
configure:3846: cc --version >&5
cc (Ubuntu 12.2.0-17ubuntu1) 12.2.0
Copyright (C) 2022 Free Software Foundation, Inc.
This is free software; see the source for copying conditions.  There is NO
warranty; not even for MERCHANTABILITY or FITNESS FOR A PARTICULAR PURPOSE.

configure:3857: $? = 0
configure:3846: cc -v >&5
Using built-in specs.
COLLECT_GCC=cc
COLLECT_LTO_WRAPPER=/usr/lib/gcc/x86_64-linux-gnu/12/lto-wrapper
OFFLOAD_TARGET_NAMES=nvptx-none:amdgcn-amdhsa
OFFLOAD_TARGET_DEFAULT=1
Target: x86_64-linux-gnu
Configured with: ../src/configure -v --with-pkgversion='Ubuntu 12.2.0-17ubuntu1' --with-bugurl=file:///usr/share/doc/gcc-12/README.Bugs --enable-languages=c,ada,c++,go,d,fortran,objc,obj-c++,m2 --prefix=/usr --with-gcc-major-version-only --program-suffix=-12 --program-prefix=x86_64-linux-gnu- --enable-shared --enable-linker-build-id --libexecdir=/usr/lib --without-included-gettext --enable-threads=posix --libdir=/usr/lib --enable-nls --enable-clocale=gnu --enable-libstdcxx-debug --enable-libstdcxx-time=yes --with-default-libstdcxx-abi=new --enable-gnu-unique-object --disable-vtable-verify --enable-plugin --enable-default-pie --with-system-zlib --enable-libphobos-checking=release --with-target-system-zlib=auto --enable-objc-gc=auto --enable-multiarch --disable-werror --enable-cet --with-arch-32=i686 --with-abi=m64 --with-multilib-list=m32,m64,mx32 --enable-multilib --with-tune=generic --enable-offload-targets=nvptx-none=/build/gcc-12-Pa930Z/gcc-12-12.2.0/debian/tmp-nvptx/usr,amdgcn-amdhsa=/build/gcc-12-Pa930Z/gcc-12-12.2.0/debian/tmp-gcn/usr --enable-offload-defaulted --without-cuda-driver --enable-checking=release --build=x86_64-linux-gnu --host=x86_64-linux-gnu --target=x86_64-linux-gnu
Thread model: posix
Supported LTO compression algorithms: zlib zstd
gcc version 12.2.0 (Ubuntu 12.2.0-17ubuntu1) 
... rest of stderr output deleted ...
configure:3857: $? = 0
configure:3846: cc -V >&5
cc: error: unrecognized command-line option '-V'
cc: fatal error: no input files
compilation terminated.
configure:3857: $? = 1
configure:3846: cc -qversion >&5
cc: error: unrecognized command-line option '-qversion'; did you mean '--version'?
cc: fatal error: no input files
compilation terminated.
configure:3857: $? = 1
configure:3877: checking whether the C compiler works
configure:3899: cc    conftest.c  >&5
configure:3903: $? = 0
configure:3951: result: yes
configure:3954: checking for C compiler default output file name
configure:3956: result: a.out
configure:3962: checking for suffix of executables
configure:3969: cc -o conftest    conftest.c  >&5
configure:3973: $? = 0
configure:3995: result: 
configure:4017: checking whether we are cross compiling
configure:4025: cc -o conftest    conftest.c  >&5
configure:4029: $? = 0
configure:4036: ./conftest
configure:4040: $? = 0
configure:4055: result: no
configure:4060: checking for suffix of object files
configure:4082: cc -c   conftest.c >&5
configure:4086: $? = 0
configure:4107: result: o
configure:4111: checking whether we are using the GNU C compiler
configure:4130: cc -c   conftest.c >&5
configure:4130: $? = 0
configure:4139: result: yes
configure:4148: checking whether cc accepts -g
configure:4168: cc -c -g  conftest.c >&5
configure:4168: $? = 0
configure:4209: result: yes
configure:4226: checking for cc option to accept ISO C89
configure:4289: cc  -c -g -O2  conftest.c >&5
configure:4289: $? = 0
configure:4302: result: none needed
configure:4328: checking how to run the C preprocessor
configure:4359: cc -E  conftest.c
configure:4359: $? = 0
configure:4373: cc -E  conftest.c
conftest.c:9:10: fatal error: ac_nonexistent.h: No such file or directory
    9 | #include <ac_nonexistent.h>
      |          ^~~~~~~~~~~~~~~~~~
compilation terminated.
configure:4373: $? = 1
configure: failed program was:
| /* confdefs.h */
| #define PACKAGE_NAME "The Glorious Glasgow Haskell Compilation System"
| #define PACKAGE_TARNAME "ghc-9.2.8"
| #define PACKAGE_VERSION "9.2.8"
| #define PACKAGE_STRING "The Glorious Glasgow Haskell Compilation System 9.2.8"
| #define PACKAGE_BUGREPORT "glasgow-haskell-bugs@haskell.org"
| #define PACKAGE_URL ""
| /* end confdefs.h.  */
| #include <ac_nonexistent.h>
configure:4398: result: cc -E
configure:4418: cc -E  conftest.c
configure:4418: $? = 0
configure:4432: cc -E  conftest.c
conftest.c:9:10: fatal error: ac_nonexistent.h: No such file or directory
    9 | #include <ac_nonexistent.h>
      |          ^~~~~~~~~~~~~~~~~~
compilation terminated.
configure:4432: $? = 1
configure: failed program was:
| /* confdefs.h */
| #define PACKAGE_NAME "The Glorious Glasgow Haskell Compilation System"
| #define PACKAGE_TARNAME "ghc-9.2.8"
| #define PACKAGE_VERSION "9.2.8"
| #define PACKAGE_STRING "The Glorious Glasgow Haskell Compilation System 9.2.8"
| #define PACKAGE_BUGREPORT "glasgow-haskell-bugs@haskell.org"
| #define PACKAGE_URL ""
| /* end confdefs.h.  */
| #include <ac_nonexistent.h>
configure:4572: checking for cc option to accept ISO C99
configure:4721: cc  -c -g -O2  conftest.c >&5
configure:4721: $? = 0
configure:4734: result: none needed
configure:4774: checking for cc option to accept ISO C99
configure:4923: cc  -c   conftest.c >&5
configure:4923: $? = 0
configure:4936: result: none needed
configure:4976: checking for cc option to accept ISO C99
configure:5125: cc  -c   conftest.c >&5
configure:5125: $? = 0
configure:5138: result: none needed
configure:5172: checking whether GCC supports -no-pie
configure:5178: result: yes
configure:5293: checking for -ld.lld
configure:5323: result: no
configure:5333: checking for ld.lld
configure:5363: result: no
configure:5293: checking for -ld.gold
configure:5323: result: no
configure:5333: checking for ld.gold
configure:5349: found /usr/bin/ld.gold
configure:5360: result: ld.gold
configure:5397: checking whether C compiler supports -fuse-ld=gold
configure:5403: result: yes
configure:5420: checking whether ld.gold exhibits weak relocation bug (binutils 23856)
configure:5425: result: not affected
configure:5976: checking for ld.gold object merging bug (binutils 22266)
configure:6059: result: not affected
configure:6268: checking whether ld is GNU ld
configure:6279: result: YES
configure:6285: checking whether ld understands --build-id
configure:6299: result: yes
configure:6309: checking whether ld understands -no_compact_unwind
configure:6323: result: yes
configure:6333: checking whether ld understands -filelist
configure:6354: result: no
configure:6366: checking for -strip
configure:6396: result: no
configure:6406: checking for strip
configure:6422: found /usr/bin/strip
configure:6433: result: strip
configure:6463: checking for gawk
configure:6479: found /usr/bin/gawk
configure:6490: result: gawk
configure:6553: checking for llc-13
configure:6583: result: no
configure:6553: checking for llc-13.0
configure:6583: result: no
configure:6553: checking for llc-12
configure:6583: result: no
configure:6553: checking for llc-12.0
configure:6583: result: no
configure:6553: checking for llc-11
configure:6583: result: no
configure:6553: checking for llc-11.0
configure:6583: result: no
configure:6553: checking for llc-10
configure:6583: result: no
configure:6553: checking for llc-10.0
configure:6583: result: no
configure:6553: checking for llc-9
configure:6583: result: no
configure:6553: checking for llc-9.0
configure:6583: result: no
configure:6553: checking for llc
configure:6583: result: no
configure:6755: checking for opt-13
configure:6785: result: no
configure:6755: checking for opt-13.0
configure:6785: result: no
configure:6755: checking for opt-12
configure:6785: result: no
configure:6755: checking for opt-12.0
configure:6785: result: no
configure:6755: checking for opt-11
configure:6785: result: no
configure:6755: checking for opt-11.0
configure:6785: result: no
configure:6755: checking for opt-10
configure:6785: result: no
configure:6755: checking for opt-10.0
configure:6785: result: no
configure:6755: checking for opt-9
configure:6785: result: no
configure:6755: checking for opt-9.0
configure:6785: result: no
configure:6755: checking for opt
configure:6785: result: no
configure:6955: $CC is not gcc; assuming it's a reasonably new C compiler
configure:6961: checking whether GCC supports -no-pie
configure:6967: result: yes
configure:6977: checking for extra options to pass gcc when compiling via C
configure:6990: result: 
configure:6998: checking Setting up CFLAGS, LDFLAGS, IGNORE_LINKER_LD_FLAGS and CPPFLAGS
configure:7087: result: done
configure:7092: checking Setting up CONF_CC_OPTS_STAGE0, CONF_GCC_LINKER_OPTS_STAGE0, CONF_LD_LINKER_OPTS_STAGE0 and CONF_CPP_OPTS_STAGE0
configure:7181: result: done
configure:7186: checking Setting up CONF_CC_OPTS_STAGE1, CONF_GCC_LINKER_OPTS_STAGE1, CONF_LD_LINKER_OPTS_STAGE1 and CONF_CPP_OPTS_STAGE1
configure:7275: result: done
configure:7281: checking Setting up CONF_CC_OPTS_STAGE2, CONF_GCC_LINKER_OPTS_STAGE2, CONF_LD_LINKER_OPTS_STAGE2 and CONF_CPP_OPTS_STAGE2
configure:7370: result: done
configure:7673: checking for .subsections_via_symbols
configure:7686: cc -o conftest -g -O2 -fuse-ld=gold   conftest.c  >&5
conftest.c: Assembler messages:
conftest.c:13: Error: unknown pseudo-op: `.subsections_via_symbols'
configure:7686: $? = 1
configure: failed program was:
| /* confdefs.h */
| #define PACKAGE_NAME "The Glorious Glasgow Haskell Compilation System"
| #define PACKAGE_TARNAME "ghc-9.2.8"
| #define PACKAGE_VERSION "9.2.8"
| #define PACKAGE_STRING "The Glorious Glasgow Haskell Compilation System 9.2.8"
| #define PACKAGE_BUGREPORT "glasgow-haskell-bugs@haskell.org"
| #define PACKAGE_URL ""
| /* end confdefs.h.  */
| 
| int
| main ()
| {
| __asm__ (".subsections_via_symbols");
|   ;
|   return 0;
| }
configure:7700: result: no
configure:7707: checking whether your assembler supports .ident directive
configure:7720: cc -o conftest -g -O2 -fuse-ld=gold   conftest.c  >&5
configure:7720: $? = 0
configure:7721: result: yes
configure:7743: checking for GNU non-executable stack support
configure:7759: cc -o conftest    conftest.c  >&5
configure:7759: $? = 0
configure:7760: result: yes
configure:7796: checking whether  CC supports --target
configure:7805: result: no
configure:7821: checking for grep that handles long lines and -e
configure:7879: result: /usr/bin/grep
configure:7884: checking for egrep
configure:7946: result: /usr/bin/grep -E
configure:7951: checking for ANSI C header files
configure:7971: cc -c -g -O2 -fuse-ld=gold  conftest.c >&5
configure:7971: $? = 0
configure:8044: cc -o conftest -g -O2 -fuse-ld=gold   conftest.c  >&5
configure:8044: $? = 0
configure:8044: ./conftest
configure:8044: $? = 0
configure:8055: result: yes
configure:8068: checking for sys/types.h
configure:8068: cc -c -g -O2 -fuse-ld=gold  conftest.c >&5
configure:8068: $? = 0
configure:8068: result: yes
configure:8068: checking for sys/stat.h
configure:8068: cc -c -g -O2 -fuse-ld=gold  conftest.c >&5
configure:8068: $? = 0
configure:8068: result: yes
configure:8068: checking for stdlib.h
configure:8068: cc -c -g -O2 -fuse-ld=gold  conftest.c >&5
configure:8068: $? = 0
configure:8068: result: yes
configure:8068: checking for string.h
configure:8068: cc -c -g -O2 -fuse-ld=gold  conftest.c >&5
configure:8068: $? = 0
configure:8068: result: yes
configure:8068: checking for memory.h
configure:8068: cc -c -g -O2 -fuse-ld=gold  conftest.c >&5
configure:8068: $? = 0
configure:8068: result: yes
configure:8068: checking for strings.h
configure:8068: cc -c -g -O2 -fuse-ld=gold  conftest.c >&5
configure:8068: $? = 0
configure:8068: result: yes
configure:8068: checking for inttypes.h
configure:8068: cc -c -g -O2 -fuse-ld=gold  conftest.c >&5
configure:8068: $? = 0
configure:8068: result: yes
configure:8068: checking for stdint.h
configure:8068: cc -c -g -O2 -fuse-ld=gold  conftest.c >&5
configure:8068: $? = 0
configure:8068: result: yes
configure:8068: checking for unistd.h
configure:8068: cc -c -g -O2 -fuse-ld=gold  conftest.c >&5
configure:8068: $? = 0
configure:8068: result: yes
configure:8084: checking size of void *
configure:8089: cc -o conftest -g -O2 -fuse-ld=gold   conftest.c  >&5
configure:8089: $? = 0
configure:8089: ./conftest
configure:8089: $? = 0
configure:8103: result: 8
configure:8125: checking whether byte ordering is bigendian
configure:8140: cc -c -g -O2 -fuse-ld=gold  conftest.c >&5
conftest.c:21:16: error: unknown type name 'not'
   21 |                not a universal capable compiler
      |                ^~~
conftest.c:21:22: error: expected '=', ',', ';', 'asm' or '__attribute__' before 'universal'
   21 |                not a universal capable compiler
      |                      ^~~~~~~~~
conftest.c:21:22: error: unknown type name 'universal'
configure:8140: $? = 1
configure: failed program was:
| /* confdefs.h */
| #define PACKAGE_NAME "The Glorious Glasgow Haskell Compilation System"
| #define PACKAGE_TARNAME "ghc-9.2.8"
| #define PACKAGE_VERSION "9.2.8"
| #define PACKAGE_STRING "The Glorious Glasgow Haskell Compilation System 9.2.8"
| #define PACKAGE_BUGREPORT "glasgow-haskell-bugs@haskell.org"
| #define PACKAGE_URL ""
| #define STDC_HEADERS 1
| #define HAVE_SYS_TYPES_H 1
| #define HAVE_SYS_STAT_H 1
| #define HAVE_STDLIB_H 1
| #define HAVE_STRING_H 1
| #define HAVE_MEMORY_H 1
| #define HAVE_STRINGS_H 1
| #define HAVE_INTTYPES_H 1
| #define HAVE_STDINT_H 1
| #define HAVE_UNISTD_H 1
| #define SIZEOF_VOID_P 8
| /* end confdefs.h.  */
| #ifndef __APPLE_CC__
| 	       not a universal capable compiler
| 	     #endif
| 	     typedef int dummy;
| 
configure:8185: cc -c -g -O2 -fuse-ld=gold  conftest.c >&5
configure:8185: $? = 0
configure:8203: cc -c -g -O2 -fuse-ld=gold  conftest.c >&5
conftest.c: In function 'main':
conftest.c:27:18: error: unknown type name 'not'; did you mean 'ino_t'?
   27 |                  not big endian
      |                  ^~~
      |                  ino_t
conftest.c:27:26: error: expected '=', ',', ';', 'asm' or '__attribute__' before 'endian'
   27 |                  not big endian
      |                          ^~~~~~
configure:8203: $? = 1
configure: failed program was:
| /* confdefs.h */
| #define PACKAGE_NAME "The Glorious Glasgow Haskell Compilation System"
| #define PACKAGE_TARNAME "ghc-9.2.8"
| #define PACKAGE_VERSION "9.2.8"
| #define PACKAGE_STRING "The Glorious Glasgow Haskell Compilation System 9.2.8"
| #define PACKAGE_BUGREPORT "glasgow-haskell-bugs@haskell.org"
| #define PACKAGE_URL ""
| #define STDC_HEADERS 1
| #define HAVE_SYS_TYPES_H 1
| #define HAVE_SYS_STAT_H 1
| #define HAVE_STDLIB_H 1
| #define HAVE_STRING_H 1
| #define HAVE_MEMORY_H 1
| #define HAVE_STRINGS_H 1
| #define HAVE_INTTYPES_H 1
| #define HAVE_STDINT_H 1
| #define HAVE_UNISTD_H 1
| #define SIZEOF_VOID_P 8
| /* end confdefs.h.  */
| #include <sys/types.h>
| 		#include <sys/param.h>
| 
| int
| main ()
| {
| #if BYTE_ORDER != BIG_ENDIAN
| 		 not big endian
| 		#endif
| 
|   ;
|   return 0;
| }
configure:8331: result: no
configure:8409: checking for -ar
configure:8439: result: no
configure:8449: checking for ar
configure:8465: found /usr/bin/ar
configure:8476: result: ar
configure:8498: checking whether ar is GNU ar
configure:8509: result: yes
configure:8516: checking for ar arguments
configure:8546: result: q
configure:8557: checking whether ar supports @file
configure:8577: result: yes
configure:8631: checking for ranlib
configure:8647: found /usr/bin/ranlib
configure:8658: result: ranlib
configure:9036: creating ./config.status

## ---------------------- ##
## Running config.status. ##
## ---------------------- ##

This file was extended by The Glorious Glasgow Haskell Compilation System config.status 9.2.8, which was
generated by GNU Autoconf 2.69.  Invocation command line was

  CONFIG_FILES    = 
  CONFIG_HEADERS  = 
  CONFIG_LINKS    = 
  CONFIG_COMMANDS = 
  $ ./config.status 

on markov

config.status:861: creating mk/config.mk
config.status:861: creating mk/install.mk

## ---------------- ##
## Cache variables. ##
## ---------------- ##

ac_cv_build=x86_64-pc-linux-gnu
ac_cv_c_bigendian=no
ac_cv_c_compiler_gnu=yes
ac_cv_env_CC_set=set
ac_cv_env_CC_value=cc
ac_cv_env_CFLAGS_set=
ac_cv_env_CFLAGS_value=
ac_cv_env_CPPFLAGS_set=
ac_cv_env_CPPFLAGS_value=
ac_cv_env_CPP_set=
ac_cv_env_CPP_value=
ac_cv_env_LDFLAGS_set=
ac_cv_env_LDFLAGS_value=
ac_cv_env_LIBS_set=
ac_cv_env_LIBS_value=
ac_cv_env_LLC_set=
ac_cv_env_LLC_value=
ac_cv_env_OPT_set=
ac_cv_env_OPT_value=
ac_cv_env_build_alias_set=
ac_cv_env_build_alias_value=
ac_cv_env_host_alias_set=
ac_cv_env_host_alias_value=
ac_cv_env_target_alias_set=
ac_cv_env_target_alias_value=
ac_cv_header_inttypes_h=yes
ac_cv_header_memory_h=yes
ac_cv_header_stdc=yes
ac_cv_header_stdint_h=yes
ac_cv_header_stdlib_h=yes
ac_cv_header_string_h=yes
ac_cv_header_strings_h=yes
ac_cv_header_sys_stat_h=yes
ac_cv_header_sys_types_h=yes
ac_cv_header_unistd_h=yes
ac_cv_host=x86_64-pc-linux-gnu
ac_cv_objext=o
ac_cv_path_EGREP='/usr/bin/grep -E'
ac_cv_path_GREP=/usr/bin/grep
ac_cv_path_PYTHON=/usr/bin/python3
ac_cv_path_SedCmd=sed
ac_cv_path_install='/usr/bin/install -c'
ac_cv_prog_AWK=gawk
ac_cv_prog_CPP='cc -E'
ac_cv_prog_ac_ct_RANLIB=ranlib
ac_cv_prog_ac_ct_STRIP=strip
ac_cv_prog_ac_ct_TmpLd=ld.gold
ac_cv_prog_ac_ct_fp_prog_ar=ar
ac_cv_prog_cc_c89=
ac_cv_prog_cc_g=yes
ac_cv_sizeof_void_p=8
ac_cv_target=x86_64-pc-linux-gnu
fp_cv_gnu_ld=YES
fp_cv_ld_build_id=yes
fp_cv_ld_has_filelist=no
fp_cv_ld_no_compact_unwind=yes
fp_cv_prog_ar_args=q
fp_cv_prog_ar_is_gnu=yes
fp_cv_prog_ar_needs_ranlib=no
fp_cv_prog_ar_supports_atfile=yes

## ----------------- ##
## Output variables. ##
## ----------------- ##

ARM_ISA=''
AS=''
AWK='gawk'
ArArgs='q'
ArCmd='ar'
ArIsGNUAr='YES'
ArSupportsAtFile='YES'
BuildArch_CPP='x86_64'
BuildOS_CPP='linux'
BuildPlatform='x86_64-unknown-linux'
BuildPlatform_CPP='x86_64_unknown_linux'
BuildVendor_CPP='unknown'
CC='cc'
CFLAGS='-g -O2 -fuse-ld=gold'
CONF_CC_OPTS_STAGE0=''
CONF_CC_OPTS_STAGE1=''
CONF_CC_OPTS_STAGE2=''
CONF_CPP_OPTS_STAGE0=''
CONF_CPP_OPTS_STAGE1=''
CONF_CPP_OPTS_STAGE2=''
CONF_GCC_LINKER_OPTS_STAGE0=''
CONF_GCC_LINKER_OPTS_STAGE1=' -fuse-ld=gold'
CONF_GCC_LINKER_OPTS_STAGE2=' -fuse-ld=gold'
CONF_LD_LINKER_OPTS_STAGE0=''
CONF_LD_LINKER_OPTS_STAGE1=''
CONF_LD_LINKER_OPTS_STAGE2=''
CPP='cc -E'
CPPFLAGS=''
CrossCompilePrefix=''
CrossCompiling='NO'
DEFS='-DPACKAGE_NAME=\"The\ Glorious\ Glasgow\ Haskell\ Compilation\ System\" -DPACKAGE_TARNAME=\"ghc-9.2.8\" -DPACKAGE_VERSION=\"9.2.8\" -DPACKAGE_STRING=\"The\ Glorious\ Glasgow\ Haskell\ Compilation\ System\ 9.2.8\" -DPACKAGE_BUGREPORT=\"glasgow-haskell-bugs@haskell.org\" -DPACKAGE_URL=\"\" -DSTDC_HEADERS=1 -DHAVE_SYS_TYPES_H=1 -DHAVE_SYS_STAT_H=1 -DHAVE_STDLIB_H=1 -DHAVE_STRING_H=1 -DHAVE_MEMORY_H=1 -DHAVE_STRINGS_H=1 -DHAVE_INTTYPES_H=1 -DHAVE_STDINT_H=1 -DHAVE_UNISTD_H=1 -DSIZEOF_VOID_P=8'
ECHO_C=''
ECHO_N='-n'
ECHO_T=''
EGREP='/usr/bin/grep -E'
EXEEXT=''
FFIIncludeDir=''
FFILibDir=''
GMP_FORCE_INTREE='NO'
GMP_INCLUDE_DIRS=''
GMP_LIB_DIRS=''
GMP_PREFER_FRAMEWORK='NO'
GREP='/usr/bin/grep'
GccExtraViaCOpts=''
GccVersion=''
HaskellCPPArgs='-E -undef -traditional'
HaskellCPPCmd='cc'
HaskellHostArch='ArchX86_64'
HaskellHostOs='OSLinux'
HaskellTargetArch='ArchX86_64'
HaskellTargetOs='OSLinux'
HostArch_CPP='x86_64'
HostOS_CPP='linux'
HostPlatform='x86_64-unknown-linux'
HostPlatform_CPP='x86_64_unknown_linux'
HostVendor_CPP='unknown'
INSTALL_DATA='${INSTALL} -m 644'
INSTALL_PROGRAM='${INSTALL}'
INSTALL_SCRIPT='${INSTALL}'
LD='ld.gold'
LDFLAGS=''
LIBOBJS=''
LIBS=''
LLC=''
LLVMTarget_CPP='x86_64-unknown-linux'
LN_S='ln -s'
LTLIBOBJS=''
LdCmd='ld.gold'
LdHasBuildId='YES'
LdHasFilelist='NO'
LdHasNoCompactUnwind='YES'
LdIsGNULd='YES'
LibdwIncludeDir=''
LibdwLibDir=''
LlcCmd=''
MergeObjsArgs='-r'
MergeObjsCmd='ld.gold'
OBJEXT='o'
OPT=''
OptCmd=''
PACKAGE_BUGREPORT='glasgow-haskell-bugs@haskell.org'
PACKAGE_NAME='The Glorious Glasgow Haskell Compilation System'
PACKAGE_STRING='The Glorious Glasgow Haskell Compilation System 9.2.8'
PACKAGE_TARNAME='ghc-9.2.8'
PACKAGE_URL=''
PACKAGE_VERSION='9.2.8'
PATH_SEPARATOR=':'
PYTHON='/usr/bin/python3'
PythonCmd='/usr/bin/python3'
RANLIB='ranlib'
RANLIB_CMD='true'
READELF=''
REAL_RANLIB_CMD='ranlib'
RanlibCmd='ranlib'
SHELL='/bin/bash'
STRIP='strip'
SedCmd='sed'
SettingsArCommand='ar'
SettingsCCompilerCommand='cc'
SettingsCCompilerFlags=''
SettingsCCompilerLinkFlags=' -fuse-ld=gold'
SettingsCCompilerSupportsNoPie='YES'
SettingsClangCommand='clang'
SettingsCxxCompilerFlags=''
SettingsDllWrapCommand='/bin/false'
SettingsHaskellCPPCommand='cc'
SettingsHaskellCPPFlags='-E -undef -traditional'
SettingsInstallNameToolCommand='install_name_tool'
SettingsLdCommand='ld.gold'
SettingsLdFlags=''
SettingsLibtoolCommand='libtool'
SettingsLlcCommand='llc'
SettingsMergeObjectsCommand='ld.gold'
SettingsMergeObjectsFlags='-r'
SettingsOptCommand='opt'
SettingsOtoolCommand='otool'
SettingsRanlibCommand='ranlib'
SettingsTouchCommand='touch'
SettingsUseDistroMINGW=''
SettingsWindresCommand='/bin/false'
StripCmd='strip'
TablesNextToCode='YES'
TargetArch_CPP='x86_64'
TargetHasGnuNonexecStack='YES'
TargetHasIdentDirective='YES'
TargetHasRTSLinker='YES'
TargetHasSubsectionsViaSymbols='NO'
TargetOS_CPP='linux'
TargetPlatform='x86_64-unknown-linux'
TargetPlatformFull='x86_64-unknown-linux'
TargetPlatform_CPP='x86_64_unknown_linux'
TargetVendor_CPP='unknown'
TargetWordBigEndian='NO'
TargetWordSize='8'
TmpLd='ld.gold'
Unregisterised='NO'
UseLibdw='NO'
UseLibffiForAdjustors='NO'
ac_ct_CC=''
ac_ct_LLC=''
ac_ct_OPT=''
bindir='${exec_prefix}/bin'
build='x86_64-unknown-linux'
build_alias=''
build_cpu='x86_64'
build_os='linux-gnu'
build_vendor='pc'
datadir='${datarootdir}'
datarootdir='${prefix}/share'
docdir='${datarootdir}/doc/${PACKAGE_TARNAME}'
dvidir='${docdir}'
exec_prefix='${prefix}'
exeext_host=''
exeext_target=''
fp_prog_ar='ar'
hardtop='/home/lw/dotfiles/.config/xmonad'
host='x86_64-unknown-linux'
host_alias=''
host_cpu='x86_64'
host_os='linux-gnu'
host_vendor='pc'
htmldir='${docdir}'
includedir='${prefix}/include'
infodir='${datarootdir}/info'
libdir='${exec_prefix}/lib'
libexecdir='${exec_prefix}/libexec'
localedir='${datarootdir}/locale'
localstatedir='${prefix}/var'
mandir='${datarootdir}/man'
oldincludedir='/usr/include'
pdfdir='${docdir}'
prefix='/home/lw/.stack/programs/x86_64-linux/ghc-tinfo6-9.2.8'
program_transform_name='s,x,x,'
psdir='${docdir}'
sbindir='${exec_prefix}/sbin'
sharedstatedir='${prefix}/com'
soext_host='.so'
soext_target='.so'
sysconfdir='${prefix}/etc'
target='x86_64-unknown-linux'
target_alias=''
target_cpu='x86_64'
target_os='linux-gnu'
target_vendor='pc'

## ----------- ##
## confdefs.h. ##
## ----------- ##

/* confdefs.h */
#define PACKAGE_NAME "The Glorious Glasgow Haskell Compilation System"
#define PACKAGE_TARNAME "ghc-9.2.8"
#define PACKAGE_VERSION "9.2.8"
#define PACKAGE_STRING "The Glorious Glasgow Haskell Compilation System 9.2.8"
#define PACKAGE_BUGREPORT "glasgow-haskell-bugs@haskell.org"
#define PACKAGE_URL ""
#define STDC_HEADERS 1
#define HAVE_SYS_TYPES_H 1
#define HAVE_SYS_STAT_H 1
#define HAVE_STDLIB_H 1
#define HAVE_STRING_H 1
#define HAVE_MEMORY_H 1
#define HAVE_STRINGS_H 1
#define HAVE_INTTYPES_H 1
#define HAVE_STDINT_H 1
#define HAVE_UNISTD_H 1
#define SIZEOF_VOID_P 8

configure: exit 0
