2023-01-19 11:20:38.871 [info] update#setState idle
2023-01-19 11:20:40.876 [info] UtilityProcess<1>: Creating new...
2023-01-19 11:20:40.912 [info] UtilityProcess<1>: received spawn event.
2023-01-19 11:21:03.295 [info] UtilityProcess<1>: received exit event with code 0.
2023-01-19 11:21:03.296 [info] Extension host with pid 342330 exited with code: 0, signal: .
2023-01-19 11:21:04.742 [info] UtilityProcess<2>: Creating new...
2023-01-19 11:21:04.804 [info] UtilityProcess<2>: received spawn event.
2023-01-19 11:21:08.871 [info] update#setState checking for updates
2023-01-19 11:21:08.893 [info] update#setState idle
2023-01-19 11:23:29.227 [info] UtilityProcess<2>: received exit event with code 0.
2023-01-19 11:23:29.227 [info] Extension host with pid 343176 exited with code: 0, signal: .
2023-01-19 11:23:30.342 [info] UtilityProcess<3>: Creating new...
2023-01-19 11:23:30.351 [info] UtilityProcess<3>: received spawn event.
2023-01-19 12:21:08.966 [info] update#setState checking for updates
2023-01-19 12:21:08.969 [info] update#setState idle
2023-01-19 13:21:09.066 [info] update#setState checking for updates
2023-01-19 13:21:09.071 [info] update#setState idle
2023-01-19 14:21:09.170 [info] update#setState checking for updates
2023-01-19 14:21:09.173 [info] update#setState idle
2023-01-19 15:05:48.835 [info] UtilityProcess<3>: Waiting for extension host with pid 348155 to exit.
2023-01-19 15:05:48.851 [info] UtilityProcess<3>: received exit event with code 0.
2023-01-19 15:05:48.851 [info] Extension host with pid 348155 exited with code: 0, signal: .
