2023-01-13 09:48:42.367 [info] Added views:workbench.panel.markers.view in workbench.panel.markers
2023-01-13 09:48:42.367 [info] Added views:workbench.panel.output in workbench.panel.output
2023-01-13 09:48:42.367 [info] Added views:terminal in terminal
2023-01-13 09:48:42.367 [info] Added views:outline in workbench.view.explorer
2023-01-13 09:48:42.367 [info] Added views:workbench.scm in workbench.view.scm
2023-01-13 09:48:42.367 [info] Added views:workbench.view.search in workbench.view.search
2023-01-13 09:48:42.367 [info] Added views:timeline in workbench.view.explorer
2023-01-13 09:48:42.367 [info] Added views:workbench.explorer.emptyView in workbench.view.explorer
2023-01-13 09:48:42.367 [info] Added views:workbench.debug.welcome in workbench.view.debug
2023-01-13 09:48:45.101 [info] Added views:workbench.panel.repl.view in workbench.panel.repl
2023-01-13 09:54:04.170 [info] Added views:workbench.views.extensions.installed,workbench.views.extensions.popular,extensions.recommendedList in workbench.view.extensions
2023-01-13 09:54:04.173 [info] Removed views:workbench.views.extensions.popular from workbench.view.extensions
2023-01-13 09:54:04.934 [info] Added views:workbench.views.extensions.popular in workbench.view.extensions
2023-01-13 09:54:18.721 [info] Removed views:extensions.recommendedList,workbench.views.extensions.popular,workbench.views.extensions.installed from workbench.view.extensions
2023-01-13 09:54:18.746 [info] Added views:workbench.views.extensions.marketplace in workbench.view.extensions
2023-01-13 09:54:19.009 [info] Removed views:workbench.views.extensions.marketplace from workbench.view.extensions
2023-01-13 09:54:19.014 [info] Added views:workbench.views.extensions.installed,workbench.views.extensions.popular,extensions.recommendedList in workbench.view.extensions
2023-01-13 09:54:19.908 [info] Removed views:extensions.recommendedList,workbench.views.extensions.popular,workbench.views.extensions.installed from workbench.view.extensions
2023-01-13 09:54:19.922 [info] Added views:workbench.views.extensions.marketplace in workbench.view.extensions
2023-01-13 13:46:09.517 [info] Removed views:workbench.views.extensions.marketplace from workbench.view.extensions
2023-01-13 13:46:09.533 [info] Added views:workbench.views.extensions.installed,workbench.views.extensions.popular,extensions.recommendedList in workbench.view.extensions
2023-01-13 13:46:10.573 [info] Removed views:extensions.recommendedList,workbench.views.extensions.popular,workbench.views.extensions.installed from workbench.view.extensions
2023-01-13 13:46:10.612 [info] Added views:workbench.views.extensions.marketplace in workbench.view.extensions
