2023-01-19 11:20:40.671 [info] Added views:workbench.panel.markers.view in workbench.panel.markers
2023-01-19 11:20:40.671 [info] Added views:workbench.panel.output in workbench.panel.output
2023-01-19 11:20:40.671 [info] Added views:terminal in terminal
2023-01-19 11:20:40.671 [info] Added views:outline in workbench.view.explorer
2023-01-19 11:20:40.671 [info] Added views:workbench.scm in workbench.view.scm
2023-01-19 11:20:40.671 [info] Added views:workbench.view.search in workbench.view.search
2023-01-19 11:20:40.671 [info] Added views:timeline in workbench.view.explorer
2023-01-19 11:20:40.671 [info] Added views:workbench.explorer.emptyView in workbench.view.explorer
2023-01-19 11:20:40.671 [info] Added views:workbench.debug.welcome in workbench.view.debug
2023-01-19 11:20:41.921 [info] Added views:workbench.panel.repl.view in workbench.panel.repl
2023-01-19 11:21:04.449 [info] Added views:workbench.panel.markers.view in workbench.panel.markers
2023-01-19 11:21:04.449 [info] Added views:workbench.panel.output in workbench.panel.output
2023-01-19 11:21:04.449 [info] Added views:terminal in terminal
2023-01-19 11:21:04.449 [info] Added views:outline in workbench.view.explorer
2023-01-19 11:21:04.449 [info] Added views:workbench.scm in workbench.view.scm
2023-01-19 11:21:04.449 [info] Added views:workbench.view.search in workbench.view.search
2023-01-19 11:21:04.449 [info] Added views:timeline in workbench.view.explorer
2023-01-19 11:21:04.449 [info] Added views:workbench.explorer.fileView in workbench.view.explorer
2023-01-19 11:21:04.449 [info] Added views:workbench.debug.variablesView,workbench.debug.watchExpressionsView,workbench.debug.callStackView,workbench.debug.breakPointsView in workbench.view.debug
2023-01-19 11:21:06.515 [info] Added views:workbench.panel.repl.view in workbench.panel.repl
2023-01-19 11:23:23.590 [info] Added views:workbench.views.extensions.installed,workbench.views.extensions.popular,extensions.recommendedList in workbench.view.extensions
2023-01-19 11:23:23.592 [info] Removed views:workbench.views.extensions.popular from workbench.view.extensions
2023-01-19 11:23:30.034 [info] Added views:workbench.panel.markers.view in workbench.panel.markers
2023-01-19 11:23:30.034 [info] Added views:workbench.panel.output in workbench.panel.output
2023-01-19 11:23:30.034 [info] Added views:terminal in terminal
2023-01-19 11:23:30.034 [info] Added views:outline in workbench.view.explorer
2023-01-19 11:23:30.034 [info] Added views:workbench.scm in workbench.view.scm
2023-01-19 11:23:30.034 [info] Added views:workbench.view.search in workbench.view.search
2023-01-19 11:23:30.034 [info] Added views:timeline in workbench.view.explorer
2023-01-19 11:23:30.034 [info] Added views:workbench.explorer.fileView in workbench.view.explorer
2023-01-19 11:23:30.104 [info] Added views:workbench.debug.variablesView,workbench.debug.watchExpressionsView,workbench.debug.callStackView,workbench.debug.breakPointsView in workbench.view.debug
2023-01-19 11:23:30.204 [info] Added views:workbench.views.extensions.installed,extensions.recommendedList in workbench.view.extensions
2023-01-19 11:23:31.704 [info] Added views:workbench.panel.repl.view in workbench.panel.repl
