2023-04-14 19:17:31.577 [info] Log level: Info
2023-04-14 19:17:31.577 [info] Validating found git in: "git"
2023-04-14 19:17:31.577 [info] Using git "2.37.2" from "git"
2023-04-14 19:17:31.577 [info] > git rev-parse --show-toplevel [4ms]
2023-04-14 19:17:31.577 [info] fatal: not a git repository (or any of the parent directories): .git
2023-04-14 19:17:31.577 [info] > git rev-parse --show-toplevel [42ms]
2023-04-14 19:17:31.577 [info] fatal: not a git repository (or any of the parent directories): .git
2023-04-14 19:17:31.577 [info] > git rev-parse --show-toplevel [40ms]
2023-04-14 19:17:31.577 [info] fatal: not a git repository (or any of the parent directories): .git
2023-04-14 19:17:31.585 [info] > git rev-parse --show-toplevel [30ms]
2023-04-14 19:17:31.595 [info] > git rev-parse --git-dir --git-common-dir [2ms]
2023-04-14 19:17:31.603 [info] Open repository: /home/buddhilw/.emacs.d
2023-04-14 19:17:31.620 [info] > git rev-parse --show-toplevel [10ms]
2023-04-14 19:17:31.620 [info] fatal: not a git repository (or any of the parent directories): .git
2023-04-14 19:17:31.658 [info] > git rev-parse --show-toplevel [33ms]
2023-04-14 19:17:31.658 [info] fatal: not a git repository (or any of the parent directories): .git
2023-04-14 19:17:31.664 [info] > git config --get commit.template [46ms]
2023-04-14 19:17:31.666 [info] > git rev-parse --show-toplevel [2ms]
2023-04-14 19:17:31.667 [info] fatal: not a git repository (or any of the parent directories): .git
2023-04-14 19:17:31.680 [info] > git rev-parse --show-toplevel [7ms]
2023-04-14 19:17:31.680 [info] fatal: not a git repository (or any of the parent directories): .git
2023-04-14 19:17:31.686 [info] > git for-each-ref --format=%(refname)%00%(upstream:short)%00%(objectname)%00%(upstream:track)%00%(upstream:remotename)%00%(upstream:remoteref) refs/heads/master refs/remotes/master [8ms]
2023-04-14 19:17:31.692 [info] > git rev-parse --show-toplevel [7ms]
2023-04-14 19:17:31.692 [info] fatal: not a git repository (or any of the parent directories): .git
2023-04-14 19:17:31.700 [info] > git status -z -uall [9ms]
2023-04-14 19:17:31.701 [info] > git rev-parse --show-toplevel [2ms]
2023-04-14 19:17:31.701 [info] fatal: not a git repository (or any of the parent directories): .git
2023-04-14 19:17:31.729 [info] > git rev-parse --show-toplevel [20ms]
2023-04-14 19:17:31.729 [info] fatal: not a git repository (or any of the parent directories): .git
2023-04-14 19:17:31.740 [info] > git config --get commit.template [11ms]
2023-04-14 19:17:31.749 [info] > git rev-parse --show-toplevel [10ms]
2023-04-14 19:17:31.749 [info] fatal: not a git repository (or any of the parent directories): .git
2023-04-14 19:17:31.756 [info] > git for-each-ref --format=%(refname)%00%(upstream:short)%00%(objectname)%00%(upstream:track)%00%(upstream:remotename)%00%(upstream:remoteref) refs/heads/master refs/remotes/master [8ms]
2023-04-14 19:17:31.764 [info] > git rev-parse --show-toplevel [9ms]
2023-04-14 19:17:31.764 [info] fatal: not a git repository (or any of the parent directories): .git
2023-04-14 19:17:31.771 [info] > git status -z -uall [8ms]
2023-04-14 19:17:31.774 [info] > git rev-parse --show-toplevel [3ms]
2023-04-14 19:17:31.774 [info] fatal: not a git repository (or any of the parent directories): .git
2023-04-14 19:17:31.782 [info] > git rev-parse --show-toplevel [2ms]
2023-04-14 19:17:31.782 [info] fatal: not a git repository (or any of the parent directories): .git
2023-04-14 19:17:31.790 [info] > git rev-parse --show-toplevel [1ms]
2023-04-14 19:17:31.790 [info] fatal: not a git repository (or any of the parent directories): .git
2023-04-14 19:17:31.796 [info] > git rev-parse --show-toplevel [1ms]
2023-04-14 19:17:31.796 [info] fatal: not a git repository (or any of the parent directories): .git
2023-04-14 19:17:31.803 [info] > git rev-parse --show-toplevel [1ms]
2023-04-14 19:17:31.803 [info] fatal: not a git repository (or any of the parent directories): .git
2023-04-14 19:17:31.812 [info] > git rev-parse --show-toplevel [1ms]
2023-04-14 19:17:31.812 [info] fatal: not a git repository (or any of the parent directories): .git
2023-04-14 19:17:31.822 [info] > git rev-parse --show-toplevel [2ms]
2023-04-14 19:17:31.822 [info] fatal: not a git repository (or any of the parent directories): .git
2023-04-14 19:17:31.831 [info] > git rev-parse --show-toplevel [2ms]
2023-04-14 19:17:31.831 [info] fatal: not a git repository (or any of the parent directories): .git
2023-04-14 19:17:31.842 [info] > git rev-parse --show-toplevel [1ms]
2023-04-14 19:17:31.842 [info] fatal: not a git repository (or any of the parent directories): .git
2023-04-14 19:17:31.852 [info] > git rev-parse --show-toplevel [2ms]
2023-04-14 19:17:31.852 [info] fatal: not a git repository (or any of the parent directories): .git
2023-04-14 19:17:31.859 [info] > git rev-parse --show-toplevel [1ms]
2023-04-14 19:17:31.859 [info] fatal: not a git repository (or any of the parent directories): .git
2023-04-14 19:17:31.866 [info] > git rev-parse --show-toplevel [1ms]
2023-04-14 19:17:31.866 [info] fatal: not a git repository (or any of the parent directories): .git
2023-04-14 19:17:31.899 [info] > git rev-parse --show-toplevel [26ms]
2023-04-14 19:17:31.899 [info] fatal: not a git repository (or any of the parent directories): .git
2023-04-14 19:17:31.912 [info] > git rev-parse --show-toplevel [4ms]
2023-04-14 19:17:31.912 [info] fatal: not a git repository (or any of the parent directories): .git
2023-04-14 19:17:31.921 [info] > git rev-parse --show-toplevel [1ms]
2023-04-14 19:17:31.921 [info] fatal: not a git repository (or any of the parent directories): .git
2023-04-14 19:17:31.929 [info] > git rev-parse --show-toplevel [1ms]
2023-04-14 19:17:31.929 [info] fatal: not a git repository (or any of the parent directories): .git
2023-04-14 19:17:31.936 [info] > git rev-parse --show-toplevel [2ms]
2023-04-14 19:17:31.936 [info] fatal: not a git repository (or any of the parent directories): .git
2023-04-14 19:17:31.943 [info] > git rev-parse --show-toplevel [0ms]
2023-04-14 19:17:31.943 [info] fatal: not a git repository (or any of the parent directories): .git
2023-04-14 19:17:31.952 [info] > git rev-parse --show-toplevel [1ms]
2023-04-14 19:17:31.952 [info] fatal: not a git repository (or any of the parent directories): .git
2023-04-14 19:17:31.961 [info] > git rev-parse --show-toplevel [1ms]
2023-04-14 19:17:31.970 [info] > git rev-parse --git-dir --git-common-dir [1ms]
2023-04-14 19:17:31.975 [info] Open repository: /home/buddhilw/dotfiles
2023-04-14 19:17:31.994 [info] > git config --get commit.template [3ms]
2023-04-14 19:17:31.994 [info] > git rev-parse --show-toplevel [10ms]
2023-04-14 19:17:31.994 [info] fatal: not a git repository (or any of the parent directories): .git
2023-04-14 19:17:32.015 [info] > git rev-parse --show-toplevel [13ms]
2023-04-14 19:17:32.022 [info] > git for-each-ref --format=%(refname)%00%(upstream:short)%00%(objectname)%00%(upstream:track)%00%(upstream:remotename)%00%(upstream:remoteref) refs/heads/ubuntu-xmonad refs/remotes/ubuntu-xmonad [7ms]
2023-04-14 19:17:32.028 [info] > git rev-parse --git-dir --git-common-dir [7ms]
2023-04-14 19:17:32.034 [info] Open repository: /home/buddhilw/facti-clojure-exemplo
2023-04-14 19:17:32.061 [info] > git rev-parse --show-toplevel [14ms]
2023-04-14 19:17:32.061 [info] fatal: not a git repository (or any of the parent directories): .git
2023-04-14 19:17:32.071 [info] > git config --get commit.template [11ms]
2023-04-14 19:17:32.073 [info] > git rev-parse --show-toplevel [4ms]
2023-04-14 19:17:32.088 [info] > git rev-parse --git-dir --git-common-dir [8ms]
2023-04-14 19:17:32.091 [info] Open repository: /home/buddhilw/keg
2023-04-14 19:17:32.104 [info] > git for-each-ref --format=%(refname)%00%(upstream:short)%00%(objectname)%00%(upstream:track)%00%(upstream:remotename)%00%(upstream:remoteref) refs/heads/main refs/remotes/main [17ms]
2023-04-14 19:17:32.113 [info] > git config --get commit.template [9ms]
2023-04-14 19:17:32.113 [info] > git rev-parse --show-toplevel [16ms]
2023-04-14 19:17:32.113 [info] fatal: not a git repository (or any of the parent directories): .git
2023-04-14 19:17:32.122 [info] > git rev-parse --show-toplevel [3ms]
2023-04-14 19:17:32.122 [info] fatal: not a git repository (or any of the parent directories): .git
2023-04-14 19:17:32.131 [info] > git for-each-ref --format=%(refname)%00%(upstream:short)%00%(objectname)%00%(upstream:track)%00%(upstream:remotename)%00%(upstream:remoteref) refs/heads/main refs/remotes/main [4ms]
2023-04-14 19:17:32.152 [info] > git status -z -uall [16ms]
2023-04-14 19:17:32.170 [info] > git status -z -uall [142ms]
2023-04-14 19:17:32.178 [info] > git status -z -uall [68ms]
2023-04-14 19:17:32.439 [info] > git check-ignore -v -z --stdin [2ms]
2023-04-14 19:17:32.680 [info] > git rev-parse --show-toplevel [1ms]
2023-04-14 19:17:32.688 [info] > git rev-parse --show-toplevel [1ms]
2023-04-14 19:17:32.695 [info] > git rev-parse --show-toplevel [1ms]
2023-04-14 19:17:32.710 [info] > git rev-parse --show-toplevel [2ms]
2023-04-14 19:17:32.716 [info] > git rev-parse --git-dir --git-common-dir [1ms]
2023-04-14 19:17:32.720 [info] Open repository: /home/buddhilw/dotfiles/gitthings/picom
2023-04-14 19:17:32.737 [info] > git config --get commit.template [3ms]
2023-04-14 19:17:32.737 [info] > git rev-parse --show-toplevel [9ms]
2023-04-14 19:17:32.745 [info] > git rev-parse --git-dir --git-common-dir [0ms]
2023-04-14 19:17:32.748 [info] Open repository: /home/buddhilw/dotfiles/.config/xmonad/xmonad
2023-04-14 19:17:32.769 [info] > git config --get commit.template [2ms]
2023-04-14 19:17:32.769 [info] > git for-each-ref --format=%(refname)%00%(upstream:short)%00%(objectname)%00%(upstream:track)%00%(upstream:remotename)%00%(upstream:remoteref) refs/heads/next refs/remotes/next [7ms]
2023-04-14 19:17:32.776 [info] > git rev-parse --show-toplevel [21ms]
2023-04-14 19:17:32.786 [info] > git status -z -uall [10ms]
2023-04-14 19:17:32.786 [info] > git rev-parse --git-dir --git-common-dir [2ms]
2023-04-14 19:17:32.789 [info] Open repository: /home/buddhilw/dotfiles/.config/xmonad/xmonad-contrib
2023-04-14 19:17:32.819 [info] > git config --get commit.template [3ms]
2023-04-14 19:17:32.820 [info] > git for-each-ref --format=%(refname)%00%(upstream:short)%00%(objectname)%00%(upstream:track)%00%(upstream:remotename)%00%(upstream:remoteref) refs/heads/master refs/remotes/master [12ms]
2023-04-14 19:17:32.830 [info] > git status -z -uall [2ms]
2023-04-14 19:17:32.848 [info] > git for-each-ref --format=%(refname)%00%(upstream:short)%00%(objectname)%00%(upstream:track)%00%(upstream:remotename)%00%(upstream:remoteref) refs/heads/master refs/remotes/master [2ms]
2023-04-14 19:17:32.857 [info] > git status -z -uall [1ms]
2023-04-14 19:17:33.250 [info] > git check-ignore -v -z --stdin [1ms]
2023-04-14 19:17:36.329 [info] > git check-ignore -v -z --stdin [2ms]
2023-04-14 19:17:50.654 [info] > git rev-parse --show-toplevel [2ms]
2023-04-14 19:17:50.654 [info] fatal: not a git repository (or any of the parent directories): .git
2023-04-14 19:17:50.785 [info] > git rev-parse --show-toplevel [10ms]
2023-04-14 19:17:50.785 [info] fatal: not a git repository (or any of the parent directories): .git
2023-04-14 19:18:04.440 [info] > git check-ignore -v -z --stdin [10ms]
2023-04-14 19:18:04.441 [info] > git check-ignore -v -z --stdin [2ms]
2023-04-14 19:19:42.615 [info] > git rev-parse --show-toplevel [3ms]
2023-04-14 19:19:42.630 [info] > git rev-parse --git-dir --git-common-dir [7ms]
2023-04-14 19:19:42.634 [info] Open repository: /home/buddhilw/facti/linfo-ppi
2023-04-14 19:19:42.646 [info] > git config --get commit.template [1ms]
2023-04-14 19:19:42.655 [info] > git for-each-ref --format=%(refname)%00%(upstream:short)%00%(objectname)%00%(upstream:track)%00%(upstream:remotename)%00%(upstream:remoteref) refs/heads/134-prestacao-de-contas-portaria-5275 refs/remotes/134-prestacao-de-contas-portaria-5275 [2ms]
2023-04-14 19:19:42.719 [info] > git status -z -uall [56ms]
2023-04-14 19:19:42.954 [info] > git show --textconv :pdfPC/src/app/core.cljs [6ms]
2023-04-14 19:19:42.955 [info] > git ls-files --stage -- /home/buddhilw/facti/linfo-ppi/pdfPC/src/app/core.cljs [2ms]
2023-04-14 19:19:42.960 [info] > git cat-file -s e2e92ebda05bbfcac44d64525ff1099e54371ddf [1ms]
2023-04-14 19:19:43.212 [info] > git check-ignore -v -z --stdin [1ms]
2023-04-14 19:21:53.970 [info] > git show --textconv :pdfPC/.calva/output-window/output.calva-repl [6ms]
2023-04-14 19:21:53.971 [info] > git ls-files --stage -- /home/buddhilw/facti/linfo-ppi/pdfPC/.calva/output-window/output.calva-repl [2ms]
2023-04-14 19:21:54.208 [info] > git check-ignore -v -z --stdin [1ms]
2023-04-14 19:22:18.941 [info] > git show --textconv :pdfPC/.calva/output-window/output.calva-repl [9ms]
2023-04-14 19:22:18.942 [info] > git ls-files --stage -- /home/buddhilw/facti/linfo-ppi/pdfPC/.calva/output-window/output.calva-repl [2ms]
2023-04-14 19:23:22.239 [info] > git rev-parse --show-toplevel [1ms]
2023-04-14 19:23:22.239 [info] fatal: not a git repository (or any of the parent directories): .git
2023-04-14 19:23:23.137 [info] > git rev-parse --show-toplevel [1ms]
2023-04-14 19:23:23.137 [info] fatal: not a git repository (or any of the parent directories): .git
2023-04-14 19:23:23.804 [info] > git rev-parse --show-toplevel [1ms]
2023-04-14 19:23:23.804 [info] fatal: not a git repository (or any of the parent directories): .git
2023-04-14 19:23:24.322 [info] > git rev-parse --show-toplevel [2ms]
2023-04-14 19:23:24.322 [info] fatal: not a git repository (or any of the parent directories): .git
2023-04-14 19:23:24.522 [info] > git check-ignore -v -z --stdin [1ms]
2023-04-14 19:23:24.842 [info] > git rev-parse --show-toplevel [1ms]
2023-04-14 19:23:24.842 [info] fatal: not a git repository (or any of the parent directories): .git
2023-04-14 19:23:25.520 [info] > git rev-parse --show-toplevel [1ms]
2023-04-14 19:23:25.520 [info] fatal: not a git repository (or any of the parent directories): .git
2023-04-14 19:23:26.512 [info] > git rev-parse --show-toplevel [0ms]
2023-04-14 19:23:26.512 [info] fatal: not a git repository (or any of the parent directories): .git
2023-04-14 19:23:27.017 [info] > git rev-parse --show-toplevel [0ms]
2023-04-14 19:23:27.017 [info] fatal: not a git repository (or any of the parent directories): .git
2023-04-14 19:23:27.635 [info] > git rev-parse --show-toplevel [1ms]
2023-04-14 19:23:27.635 [info] fatal: not a git repository (or any of the parent directories): .git
2023-04-14 19:23:28.028 [info] > git rev-parse --show-toplevel [0ms]
2023-04-14 19:23:28.028 [info] fatal: not a git repository (or any of the parent directories): .git
2023-04-14 19:24:09.806 [info] > git rev-parse --show-toplevel [2ms]
2023-04-14 19:24:09.806 [info] fatal: not a git repository (or any of the parent directories): .git
2023-04-14 19:24:10.250 [info] > git rev-parse --show-toplevel [2ms]
2023-04-14 19:24:10.250 [info] fatal: not a git repository (or any of the parent directories): .git
2023-04-14 19:24:10.649 [info] > git rev-parse --show-toplevel [1ms]
2023-04-14 19:24:10.649 [info] fatal: not a git repository (or any of the parent directories): .git
2023-04-14 19:24:11.173 [info] > git rev-parse --show-toplevel [1ms]
2023-04-14 19:24:11.173 [info] fatal: not a git repository (or any of the parent directories): .git
2023-04-14 19:25:58.870 [info] > git show --textconv :pdfPC/shadow-cljs.edn [18ms]
2023-04-14 19:25:58.871 [info] > git ls-files --stage -- /home/buddhilw/facti/linfo-ppi/pdfPC/shadow-cljs.edn [1ms]
2023-04-14 19:25:58.882 [info] > git cat-file -s 5f81f5ea1b04a9f28d6d7e3d13221196381c5801 [1ms]
2023-04-14 19:27:17.319 [info] > git rev-parse --show-toplevel [1ms]
2023-04-14 19:27:17.319 [info] fatal: not a git repository (or any of the parent directories): .git
2023-04-14 19:29:00.763 [info] > git show --textconv :pdfPC/src/app/views.cljs [7ms]
2023-04-14 19:29:00.764 [info] > git ls-files --stage -- /home/buddhilw/facti/linfo-ppi/pdfPC/src/app/views.cljs [1ms]
2023-04-14 19:29:00.771 [info] > git cat-file -s 421c559e5705270aa0ffc2fb087c4c53f25485cd [1ms]
2023-04-14 19:29:16.992 [info] > git rev-parse --show-toplevel [3ms]
2023-04-14 19:29:16.992 [info] fatal: not a git repository (or any of the parent directories): .git
2023-04-14 19:29:20.311 [info] > git rev-parse --show-toplevel [2ms]
2023-04-14 19:29:20.311 [info] fatal: not a git repository (or any of the parent directories): .git
2023-04-14 19:29:20.979 [info] > git rev-parse --show-toplevel [2ms]
2023-04-14 19:29:20.979 [info] fatal: not a git repository (or any of the parent directories): .git
2023-04-14 19:31:14.342 [info] > git show --textconv :pdfPC/src/app/views.cljs [9ms]
2023-04-14 19:31:14.342 [info] > git ls-files --stage -- /home/buddhilw/facti/linfo-ppi/pdfPC/src/app/views.cljs [1ms]
2023-04-14 19:31:14.349 [info] > git cat-file -s 421c559e5705270aa0ffc2fb087c4c53f25485cd [1ms]
2023-04-14 19:32:17.860 [info] > git rev-parse --show-toplevel [3ms]
2023-04-14 19:32:17.860 [info] fatal: not a git repository (or any of the parent directories): .git
2023-04-14 19:32:18.931 [info] > git rev-parse --show-toplevel [2ms]
2023-04-14 19:32:18.931 [info] fatal: not a git repository (or any of the parent directories): .git
2023-04-14 19:32:21.661 [info] > git show --textconv :pdfPC/src/app/views.cljs [6ms]
2023-04-14 19:32:21.662 [info] > git ls-files --stage -- /home/buddhilw/facti/linfo-ppi/pdfPC/src/app/views.cljs [1ms]
2023-04-14 19:32:21.670 [info] > git cat-file -s 421c559e5705270aa0ffc2fb087c4c53f25485cd [1ms]
2023-04-14 19:32:29.506 [info] > git show --textconv :pdfPC/src/app/views.cljs [8ms]
2023-04-14 19:32:29.506 [info] > git ls-files --stage -- /home/buddhilw/facti/linfo-ppi/pdfPC/src/app/views.cljs [1ms]
2023-04-14 19:32:29.512 [info] > git cat-file -s 421c559e5705270aa0ffc2fb087c4c53f25485cd [1ms]
2023-04-14 19:32:33.480 [info] > git show --textconv :pdfPC/shadow-cljs.edn [10ms]
2023-04-14 19:32:33.481 [info] > git ls-files --stage -- /home/buddhilw/facti/linfo-ppi/pdfPC/shadow-cljs.edn [2ms]
2023-04-14 19:32:33.493 [info] > git cat-file -s 5f81f5ea1b04a9f28d6d7e3d13221196381c5801 [1ms]
2023-04-14 19:32:33.804 [info] > git check-ignore -v -z --stdin [1ms]
2023-04-14 19:44:33.232 [info] > git for-each-ref --format=%(refname)%00%(upstream:short)%00%(objectname)%00%(upstream:track)%00%(upstream:remotename)%00%(upstream:remoteref) refs/heads/134-prestacao-de-contas-portaria-5275 refs/remotes/134-prestacao-de-contas-portaria-5275 [1ms]
2023-04-14 19:44:33.232 [info] > git config --get commit.template [11ms]
2023-04-14 19:44:33.269 [info] > git status -z -uall [25ms]
2023-04-14 19:44:33.269 [info] > git ls-files --stage -- /home/buddhilw/facti/linfo-ppi/pdfPC/shadow-cljs.edn [1ms]
2023-04-14 19:44:33.279 [info] > git ls-files --stage -- /home/buddhilw/facti/linfo-ppi/pdfPC/.calva/output-window/output.calva-repl [18ms]
2023-04-14 19:44:33.280 [info] > git ls-files --stage -- /home/buddhilw/facti/linfo-ppi/pdfPC/src/app/core.cljs [27ms]
2023-04-14 19:44:33.291 [info] > git cat-file -s e2e92ebda05bbfcac44d64525ff1099e54371ddf [3ms]
2023-04-14 19:44:33.291 [info] > git cat-file -s 5f81f5ea1b04a9f28d6d7e3d13221196381c5801 [12ms]
2023-04-14 19:44:33.318 [info] > git show --textconv :pdfPC/.calva/output-window/output.calva-repl [18ms]
2023-04-14 19:44:33.318 [info] > git show --textconv :pdfPC/src/app/core.cljs [8ms]
2023-04-14 19:44:33.319 [info] > git show --textconv :pdfPC/shadow-cljs.edn [2ms]
